[0.464s] DEBUG:colcon:Command line arguments: ['/usr/bin/colcon', 'build', '--packages-select', 'server']
[0.464s] DEBUG:colcon:Parsed command line arguments: Namespace(log_base=None, log_level=None, verb_name='build', build_base='build', install_base='install', merge_install=False, symlink_install=False, test_result_base=None, continue_on_error=False, executor='parallel', parallel_workers=12, event_handlers=None, ignore_user_meta=False, metas=['./colcon.meta'], base_paths=['.'], packages_ignore=None, packages_ignore_regex=None, paths=None, packages_up_to=None, packages_up_to_regex=None, packages_above=None, packages_above_and_dependencies=None, packages_above_depth=None, packages_select_by_dep=None, packages_skip_by_dep=None, packages_skip_up_to=None, packages_select_build_failed=False, packages_skip_build_finished=False, packages_select_test_failures=False, packages_skip_test_passed=False, packages_select=['server'], packages_skip=None, packages_select_regex=None, packages_skip_regex=None, packages_start=None, packages_end=None, allow_overriding=[], cmake_args=None, cmake_target=None, cmake_target_skip_unavailable=False, cmake_clean_cache=False, cmake_clean_first=False, cmake_force_configure=False, ament_cmake_args=None, catkin_cmake_args=None, catkin_skip_building_tests=False, verb_parser=<colcon_defaults.argument_parser.defaults.DefaultArgumentsDecorator object at 0x75d57aff7280>, verb_extension=<colcon_core.verb.build.BuildVerb object at 0x75d57aff6d40>, main=<bound method BuildVerb.main of <colcon_core.verb.build.BuildVerb object at 0x75d57aff6d40>>)
[0.777s] Level 1:colcon.colcon_core.package_discovery:discover_packages(colcon_meta) check parameters
[0.779s] Level 1:colcon.colcon_core.package_discovery:discover_packages(recursive) check parameters
[0.779s] Level 1:colcon.colcon_core.package_discovery:discover_packages(ignore) check parameters
[0.780s] Level 1:colcon.colcon_core.package_discovery:discover_packages(path) check parameters
[0.780s] Level 1:colcon.colcon_core.package_discovery:discover_packages(colcon_meta) discover
[0.781s] Level 1:colcon.colcon_core.package_discovery:discover_packages(recursive) discover
[0.781s] INFO:colcon.colcon_core.package_discovery:Crawling recursively for packages in '/mnt/c/Users/jalen/Desktop/Projects/ros2/server'
[0.785s] Level 1:colcon.colcon_core.package_identification:_identify(.) by extensions ['ignore', 'ignore_ament_install']
[0.786s] Level 1:colcon.colcon_core.package_identification:_identify(.) by extension 'ignore'
[0.788s] Level 1:colcon.colcon_core.package_identification:_identify(.) by extension 'ignore_ament_install'
[0.789s] Level 1:colcon.colcon_core.package_identification:_identify(.) by extensions ['colcon_pkg']
[0.790s] Level 1:colcon.colcon_core.package_identification:_identify(.) by extension 'colcon_pkg'
[0.791s] Level 1:colcon.colcon_core.package_identification:_identify(.) by extensions ['colcon_meta']
[0.792s] Level 1:colcon.colcon_core.package_identification:_identify(.) by extension 'colcon_meta'
[0.792s] Level 1:colcon.colcon_core.package_identification:_identify(.) by extensions ['ros']
[0.793s] Level 1:colcon.colcon_core.package_identification:_identify(.) by extension 'ros'
[0.819s] Level 1:colcon.colcon_core.package_identification:_identify(.) by extensions ['cmake', 'python']
[0.820s] Level 1:colcon.colcon_core.package_identification:_identify(.) by extension 'cmake'
[0.821s] Level 1:colcon.colcon_core.package_identification:_identify(.) by extension 'python'
[0.822s] Level 1:colcon.colcon_core.package_identification:_identify(.) by extensions ['python_setup_py']
[0.822s] Level 1:colcon.colcon_core.package_identification:_identify(.) by extension 'python_setup_py'
[0.830s] Level 1:colcon.colcon_core.package_identification:_identify(build) by extensions ['ignore', 'ignore_ament_install']
[0.831s] Level 1:colcon.colcon_core.package_identification:_identify(build) by extension 'ignore'
[0.834s] Level 1:colcon.colcon_core.package_identification:_identify(build) ignored
[0.842s] Level 1:colcon.colcon_core.package_identification:_identify(install) by extensions ['ignore', 'ignore_ament_install']
[0.843s] Level 1:colcon.colcon_core.package_identification:_identify(install) by extension 'ignore'
[0.846s] Level 1:colcon.colcon_core.package_identification:_identify(install) ignored
[0.858s] Level 1:colcon.colcon_core.package_identification:_identify(log) by extensions ['ignore', 'ignore_ament_install']
[0.859s] Level 1:colcon.colcon_core.package_identification:_identify(log) by extension 'ignore'
[0.862s] Level 1:colcon.colcon_core.package_identification:_identify(log) ignored
[0.870s] Level 1:colcon.colcon_core.package_identification:_identify(src) by extensions ['ignore', 'ignore_ament_install']
[0.873s] Level 1:colcon.colcon_core.package_identification:_identify(src) by extension 'ignore'
[0.876s] Level 1:colcon.colcon_core.package_identification:_identify(src) by extension 'ignore_ament_install'
[0.881s] Level 1:colcon.colcon_core.package_identification:_identify(src) by extensions ['colcon_pkg']
[0.882s] Level 1:colcon.colcon_core.package_identification:_identify(src) by extension 'colcon_pkg'
[0.885s] Level 1:colcon.colcon_core.package_identification:_identify(src) by extensions ['colcon_meta']
[0.886s] Level 1:colcon.colcon_core.package_identification:_identify(src) by extension 'colcon_meta'
[0.888s] Level 1:colcon.colcon_core.package_identification:_identify(src) by extensions ['ros']
[0.889s] Level 1:colcon.colcon_core.package_identification:_identify(src) by extension 'ros'
[0.899s] Level 1:colcon.colcon_core.package_identification:_identify(src) by extensions ['cmake', 'python']
[0.899s] Level 1:colcon.colcon_core.package_identification:_identify(src) by extension 'cmake'
[0.902s] Level 1:colcon.colcon_core.package_identification:_identify(src) by extension 'python'
[0.904s] Level 1:colcon.colcon_core.package_identification:_identify(src) by extensions ['python_setup_py']
[0.905s] Level 1:colcon.colcon_core.package_identification:_identify(src) by extension 'python_setup_py'
[0.918s] Level 1:colcon.colcon_core.package_identification:_identify(src/server) by extensions ['ignore', 'ignore_ament_install']
[0.919s] Level 1:colcon.colcon_core.package_identification:_identify(src/server) by extension 'ignore'
[0.923s] Level 1:colcon.colcon_core.package_identification:_identify(src/server) by extension 'ignore_ament_install'
[0.929s] Level 1:colcon.colcon_core.package_identification:_identify(src/server) by extensions ['colcon_pkg']
[0.930s] Level 1:colcon.colcon_core.package_identification:_identify(src/server) by extension 'colcon_pkg'
[0.934s] Level 1:colcon.colcon_core.package_identification:_identify(src/server) by extensions ['colcon_meta']
[0.934s] Level 1:colcon.colcon_core.package_identification:_identify(src/server) by extension 'colcon_meta'
[0.940s] Level 1:colcon.colcon_core.package_identification:_identify(src/server) by extensions ['ros']
[0.940s] Level 1:colcon.colcon_core.package_identification:_identify(src/server) by extension 'ros'
[0.979s] DEBUG:colcon.colcon_core.package_identification:Package 'src/server' with type 'ros.ament_cmake' and name 'server'
[0.980s] Level 1:colcon.colcon_core.package_discovery:discover_packages(recursive) using defaults
[0.981s] Level 1:colcon.colcon_core.package_discovery:discover_packages(ignore) discover
[0.981s] Level 1:colcon.colcon_core.package_discovery:discover_packages(ignore) using defaults
[0.982s] Level 1:colcon.colcon_core.package_discovery:discover_packages(path) discover
[0.982s] Level 1:colcon.colcon_core.package_discovery:discover_packages(path) using defaults
[1.027s] Level 1:colcon.colcon_core.package_discovery:discover_packages(prefix_path) check parameters
[1.027s] Level 1:colcon.colcon_core.package_discovery:discover_packages(prefix_path) discover
[1.033s] DEBUG:colcon.colcon_installed_package_information.package_discovery:Found 271 installed packages in /opt/ros/humble
[1.038s] Level 1:colcon.colcon_core.package_discovery:discover_packages(prefix_path) using defaults
[1.133s] Level 5:colcon.colcon_core.verb:set package 'server' build argument 'cmake_args' from command line to 'None'
[1.134s] Level 5:colcon.colcon_core.verb:set package 'server' build argument 'cmake_target' from command line to 'None'
[1.135s] Level 5:colcon.colcon_core.verb:set package 'server' build argument 'cmake_target_skip_unavailable' from command line to 'False'
[1.136s] Level 5:colcon.colcon_core.verb:set package 'server' build argument 'cmake_clean_cache' from command line to 'False'
[1.137s] Level 5:colcon.colcon_core.verb:set package 'server' build argument 'cmake_clean_first' from command line to 'False'
[1.137s] Level 5:colcon.colcon_core.verb:set package 'server' build argument 'cmake_force_configure' from command line to 'False'
[1.138s] Level 5:colcon.colcon_core.verb:set package 'server' build argument 'ament_cmake_args' from command line to 'None'
[1.138s] Level 5:colcon.colcon_core.verb:set package 'server' build argument 'catkin_cmake_args' from command line to 'None'
[1.139s] Level 5:colcon.colcon_core.verb:set package 'server' build argument 'catkin_skip_building_tests' from command line to 'False'
[1.140s] DEBUG:colcon.colcon_core.verb:Building package 'server' with the following arguments: {'ament_cmake_args': None, 'build_base': '/mnt/c/Users/jalen/Desktop/Projects/ros2/server/build/server', 'catkin_cmake_args': None, 'catkin_skip_building_tests': False, 'cmake_args': None, 'cmake_clean_cache': False, 'cmake_clean_first': False, 'cmake_force_configure': False, 'cmake_target': None, 'cmake_target_skip_unavailable': False, 'install_base': '/mnt/c/Users/jalen/Desktop/Projects/ros2/server/install/server', 'merge_install': False, 'path': '/mnt/c/Users/jalen/Desktop/Projects/ros2/server/src/server', 'symlink_install': False, 'test_result_base': None}
[1.141s] INFO:colcon.colcon_core.executor:Executing jobs using 'parallel' executor
[1.144s] DEBUG:colcon.colcon_parallel_executor.executor.parallel:run_until_complete
[1.145s] INFO:colcon.colcon_ros.task.ament_cmake.build:Building ROS package in '/mnt/c/Users/jalen/Desktop/Projects/ros2/server/src/server' with build type 'ament_cmake'
[1.146s] INFO:colcon.colcon_cmake.task.cmake.build:Building CMake package in '/mnt/c/Users/jalen/Desktop/Projects/ros2/server/src/server'
[1.150s] INFO:colcon.colcon_core.plugin_system:Skipping extension 'colcon_core.shell.bat': Not used on non-Windows systems
[1.151s] INFO:colcon.colcon_core.shell:Skip shell extension 'powershell' for command environment: Not usable outside of PowerShell
[1.152s] DEBUG:colcon.colcon_core.shell:Skip shell extension 'dsv' for command environment
[1.342s] DEBUG:colcon.colcon_core.event_handler.log_command:Invoking command in '/mnt/c/Users/jalen/Desktop/Projects/ros2/server/build/server': CMAKE_PREFIX_PATH=/opt/ros/humble /usr/bin/cmake --build /mnt/c/Users/jalen/Desktop/Projects/ros2/server/build/server -- -j12 -l12
[13.829s] DEBUG:colcon.colcon_core.event_handler.log_command:Invoked command in '/mnt/c/Users/jalen/Desktop/Projects/ros2/server/build/server' returned '0': CMAKE_PREFIX_PATH=/opt/ros/humble /usr/bin/cmake --build /mnt/c/Users/jalen/Desktop/Projects/ros2/server/build/server -- -j12 -l12
[13.908s] DEBUG:colcon.colcon_core.event_handler.log_command:Invoking command in '/mnt/c/Users/jalen/Desktop/Projects/ros2/server/build/server': CMAKE_PREFIX_PATH=/opt/ros/humble /usr/bin/cmake --install /mnt/c/Users/jalen/Desktop/Projects/ros2/server/build/server
[41.918s] Level 1:colcon.colcon_core.environment:create_environment_scripts_only(server)
[41.921s] DEBUG:colcon.colcon_core.event_handler.log_command:Invoked command in '/mnt/c/Users/jalen/Desktop/Projects/ros2/server/build/server' returned '0': CMAKE_PREFIX_PATH=/opt/ros/humble /usr/bin/cmake --install /mnt/c/Users/jalen/Desktop/Projects/ros2/server/build/server
[41.923s] Level 1:colcon.colcon_core.environment:checking '/mnt/c/Users/jalen/Desktop/Projects/ros2/server/install/server' for CMake module files
[42.472s] Level 1:colcon.colcon_core.environment:checking '/mnt/c/Users/jalen/Desktop/Projects/ros2/server/install/server' for CMake config files
[42.919s] Level 1:colcon.colcon_core.shell:create_environment_hook('server', 'cmake_prefix_path')
[42.920s] INFO:colcon.colcon_core.shell:Creating environment hook '/mnt/c/Users/jalen/Desktop/Projects/ros2/server/install/server/share/server/hook/cmake_prefix_path.ps1'
[42.949s] INFO:colcon.colcon_core.shell:Creating environment descriptor '/mnt/c/Users/jalen/Desktop/Projects/ros2/server/install/server/share/server/hook/cmake_prefix_path.dsv'
[42.982s] INFO:colcon.colcon_core.shell:Creating environment hook '/mnt/c/Users/jalen/Desktop/Projects/ros2/server/install/server/share/server/hook/cmake_prefix_path.sh'
[43.027s] Level 1:colcon.colcon_core.environment:checking '/mnt/c/Users/jalen/Desktop/Projects/ros2/server/install/server/lib'
[43.038s] Level 1:colcon.colcon_core.shell:create_environment_hook('server', 'ld_library_path_lib')
[43.039s] INFO:colcon.colcon_core.shell:Creating environment hook '/mnt/c/Users/jalen/Desktop/Projects/ros2/server/install/server/share/server/hook/ld_library_path_lib.ps1'
[43.072s] INFO:colcon.colcon_core.shell:Creating environment descriptor '/mnt/c/Users/jalen/Desktop/Projects/ros2/server/install/server/share/server/hook/ld_library_path_lib.dsv'
[43.104s] INFO:colcon.colcon_core.shell:Creating environment hook '/mnt/c/Users/jalen/Desktop/Projects/ros2/server/install/server/share/server/hook/ld_library_path_lib.sh'
[43.142s] Level 1:colcon.colcon_core.environment:checking '/mnt/c/Users/jalen/Desktop/Projects/ros2/server/install/server/bin'
[43.146s] Level 1:colcon.colcon_core.environment:checking '/mnt/c/Users/jalen/Desktop/Projects/ros2/server/install/server/lib/pkgconfig/server.pc'
[43.151s] Level 1:colcon.colcon_core.environment:checking '/mnt/c/Users/jalen/Desktop/Projects/ros2/server/install/server/lib/python3.10/site-packages'
[43.155s] Level 1:colcon.colcon_core.environment:checking '/mnt/c/Users/jalen/Desktop/Projects/ros2/server/install/server/bin'
[43.160s] INFO:colcon.colcon_core.shell:Creating package script '/mnt/c/Users/jalen/Desktop/Projects/ros2/server/install/server/share/server/package.ps1'
[43.189s] INFO:colcon.colcon_core.shell:Creating package descriptor '/mnt/c/Users/jalen/Desktop/Projects/ros2/server/install/server/share/server/package.dsv'
[43.220s] INFO:colcon.colcon_core.shell:Creating package script '/mnt/c/Users/jalen/Desktop/Projects/ros2/server/install/server/share/server/package.sh'
[43.249s] INFO:colcon.colcon_core.shell:Creating package script '/mnt/c/Users/jalen/Desktop/Projects/ros2/server/install/server/share/server/package.bash'
[43.279s] INFO:colcon.colcon_core.shell:Creating package script '/mnt/c/Users/jalen/Desktop/Projects/ros2/server/install/server/share/server/package.zsh'
[43.312s] Level 1:colcon.colcon_core.environment:create_file_with_runtime_dependencies(/mnt/c/Users/jalen/Desktop/Projects/ros2/server/install/server/share/colcon-core/packages/server)
[43.379s] Level 1:colcon.colcon_core.environment:create_environment_scripts_only(server)
[43.380s] Level 1:colcon.colcon_core.environment:checking '/mnt/c/Users/jalen/Desktop/Projects/ros2/server/install/server' for CMake module files
[43.938s] Level 1:colcon.colcon_core.environment:checking '/mnt/c/Users/jalen/Desktop/Projects/ros2/server/install/server' for CMake config files
[44.384s] Level 1:colcon.colcon_core.shell:create_environment_hook('server', 'cmake_prefix_path')
[44.385s] INFO:colcon.colcon_core.shell:Creating environment hook '/mnt/c/Users/jalen/Desktop/Projects/ros2/server/install/server/share/server/hook/cmake_prefix_path.ps1'
[44.418s] INFO:colcon.colcon_core.shell:Creating environment descriptor '/mnt/c/Users/jalen/Desktop/Projects/ros2/server/install/server/share/server/hook/cmake_prefix_path.dsv'
[44.452s] INFO:colcon.colcon_core.shell:Creating environment hook '/mnt/c/Users/jalen/Desktop/Projects/ros2/server/install/server/share/server/hook/cmake_prefix_path.sh'
[44.494s] Level 1:colcon.colcon_core.environment:checking '/mnt/c/Users/jalen/Desktop/Projects/ros2/server/install/server/lib'
[44.504s] Level 1:colcon.colcon_core.shell:create_environment_hook('server', 'ld_library_path_lib')
[44.505s] INFO:colcon.colcon_core.shell:Creating environment hook '/mnt/c/Users/jalen/Desktop/Projects/ros2/server/install/server/share/server/hook/ld_library_path_lib.ps1'
[44.539s] INFO:colcon.colcon_core.shell:Creating environment descriptor '/mnt/c/Users/jalen/Desktop/Projects/ros2/server/install/server/share/server/hook/ld_library_path_lib.dsv'
[44.573s] INFO:colcon.colcon_core.shell:Creating environment hook '/mnt/c/Users/jalen/Desktop/Projects/ros2/server/install/server/share/server/hook/ld_library_path_lib.sh'
[44.607s] Level 1:colcon.colcon_core.environment:checking '/mnt/c/Users/jalen/Desktop/Projects/ros2/server/install/server/bin'
[44.610s] Level 1:colcon.colcon_core.environment:checking '/mnt/c/Users/jalen/Desktop/Projects/ros2/server/install/server/lib/pkgconfig/server.pc'
[44.615s] Level 1:colcon.colcon_core.environment:checking '/mnt/c/Users/jalen/Desktop/Projects/ros2/server/install/server/lib/python3.10/site-packages'
[44.620s] Level 1:colcon.colcon_core.environment:checking '/mnt/c/Users/jalen/Desktop/Projects/ros2/server/install/server/bin'
[44.624s] INFO:colcon.colcon_core.shell:Creating package script '/mnt/c/Users/jalen/Desktop/Projects/ros2/server/install/server/share/server/package.ps1'
[44.652s] INFO:colcon.colcon_core.shell:Creating package descriptor '/mnt/c/Users/jalen/Desktop/Projects/ros2/server/install/server/share/server/package.dsv'
[44.682s] INFO:colcon.colcon_core.shell:Creating package script '/mnt/c/Users/jalen/Desktop/Projects/ros2/server/install/server/share/server/package.sh'
[44.710s] INFO:colcon.colcon_core.shell:Creating package script '/mnt/c/Users/jalen/Desktop/Projects/ros2/server/install/server/share/server/package.bash'
[44.741s] INFO:colcon.colcon_core.shell:Creating package script '/mnt/c/Users/jalen/Desktop/Projects/ros2/server/install/server/share/server/package.zsh'
[44.770s] Level 1:colcon.colcon_core.environment:create_file_with_runtime_dependencies(/mnt/c/Users/jalen/Desktop/Projects/ros2/server/install/server/share/colcon-core/packages/server)
[44.792s] DEBUG:colcon.colcon_parallel_executor.executor.parallel:closing loop
[44.793s] DEBUG:colcon.colcon_parallel_executor.executor.parallel:loop closed
[44.794s] DEBUG:colcon.colcon_parallel_executor.executor.parallel:run_until_complete finished with '0'
[44.795s] DEBUG:colcon.colcon_core.event_reactor:joining thread
[44.911s] INFO:colcon.colcon_core.plugin_system:Skipping extension 'colcon_notification.desktop_notification.notify_send': Could not find 'notify-send'
[44.911s] INFO:colcon.colcon_core.plugin_system:Skipping extension 'colcon_notification.desktop_notification.terminal_notifier': Not used on non-Darwin systems
[44.912s] INFO:colcon.colcon_core.plugin_system:Skipping extension 'colcon_notification.desktop_notification.win32': Not used on non-Windows systems
[44.912s] INFO:colcon.colcon_notification.desktop_notification:Sending desktop notification using 'notify2'
[44.913s] DEBUG:colcon.colcon_notification.desktop_notification.notify2:Failed to initialize notify2: org.freedesktop.DBus.Error.FileNotFound: Failed to connect to socket /run/user/1000/bus: No such file or directory
[44.914s] DEBUG:colcon.colcon_core.event_reactor:joined thread
[44.915s] INFO:colcon.colcon_core.shell:Creating prefix script '/mnt/c/Users/jalen/Desktop/Projects/ros2/server/install/local_setup.ps1'
[44.928s] INFO:colcon.colcon_core.shell:Creating prefix util module '/mnt/c/Users/jalen/Desktop/Projects/ros2/server/install/_local_setup_util_ps1.py'
[44.942s] INFO:colcon.colcon_core.shell:Creating prefix chain script '/mnt/c/Users/jalen/Desktop/Projects/ros2/server/install/setup.ps1'
[44.956s] INFO:colcon.colcon_core.shell:Creating prefix script '/mnt/c/Users/jalen/Desktop/Projects/ros2/server/install/local_setup.sh'
[44.969s] INFO:colcon.colcon_core.shell:Creating prefix util module '/mnt/c/Users/jalen/Desktop/Projects/ros2/server/install/_local_setup_util_sh.py'
[44.982s] INFO:colcon.colcon_core.shell:Creating prefix chain script '/mnt/c/Users/jalen/Desktop/Projects/ros2/server/install/setup.sh'
[44.995s] INFO:colcon.colcon_core.shell:Creating prefix script '/mnt/c/Users/jalen/Desktop/Projects/ros2/server/install/local_setup.bash'
[45.008s] INFO:colcon.colcon_core.shell:Creating prefix chain script '/mnt/c/Users/jalen/Desktop/Projects/ros2/server/install/setup.bash'
[45.021s] INFO:colcon.colcon_core.shell:Creating prefix script '/mnt/c/Users/jalen/Desktop/Projects/ros2/server/install/local_setup.zsh'
[45.034s] INFO:colcon.colcon_core.shell:Creating prefix chain script '/mnt/c/Users/jalen/Desktop/Projects/ros2/server/install/setup.zsh'
