[0.870s] DEBUG:colcon:Command line arguments: ['/usr/bin/colcon', 'build', '--packages-select', 'server']
[0.872s] DEBUG:colcon:Parsed command line arguments: Namespace(log_base=None, log_level=None, verb_name='build', build_base='build', install_base='install', merge_install=False, symlink_install=False, test_result_base=None, continue_on_error=False, executor='parallel', parallel_workers=12, event_handlers=None, ignore_user_meta=False, metas=['./colcon.meta'], base_paths=['.'], packages_ignore=None, packages_ignore_regex=None, paths=None, packages_up_to=None, packages_up_to_regex=None, packages_above=None, packages_above_and_dependencies=None, packages_above_depth=None, packages_select_by_dep=None, packages_skip_by_dep=None, packages_skip_up_to=None, packages_select_build_failed=False, packages_skip_build_finished=False, packages_select_test_failures=False, packages_skip_test_passed=False, packages_select=['server'], packages_skip=None, packages_select_regex=None, packages_skip_regex=None, packages_start=None, packages_end=None, allow_overriding=[], cmake_args=None, cmake_target=None, cmake_target_skip_unavailable=False, cmake_clean_cache=False, cmake_clean_first=False, cmake_force_configure=False, ament_cmake_args=None, catkin_cmake_args=None, catkin_skip_building_tests=False, verb_parser=<colcon_defaults.argument_parser.defaults.DefaultArgumentsDecorator object at 0x7ad46e5ef280>, verb_extension=<colcon_core.verb.build.BuildVerb object at 0x7ad46e5eed40>, main=<bound method BuildVerb.main of <colcon_core.verb.build.BuildVerb object at 0x7ad46e5eed40>>)
[1.676s] Level 1:colcon.colcon_core.package_discovery:discover_packages(colcon_meta) check parameters
[1.677s] Level 1:colcon.colcon_core.package_discovery:discover_packages(recursive) check parameters
[1.678s] Level 1:colcon.colcon_core.package_discovery:discover_packages(ignore) check parameters
[1.678s] Level 1:colcon.colcon_core.package_discovery:discover_packages(path) check parameters
[1.679s] Level 1:colcon.colcon_core.package_discovery:discover_packages(colcon_meta) discover
[1.679s] Level 1:colcon.colcon_core.package_discovery:discover_packages(recursive) discover
[1.680s] INFO:colcon.colcon_core.package_discovery:Crawling recursively for packages in '/mnt/c/Users/jalen/Desktop/Projects/ros2/server'
[1.685s] Level 1:colcon.colcon_core.package_identification:_identify(.) by extensions ['ignore', 'ignore_ament_install']
[1.686s] Level 1:colcon.colcon_core.package_identification:_identify(.) by extension 'ignore'
[1.688s] Level 1:colcon.colcon_core.package_identification:_identify(.) by extension 'ignore_ament_install'
[1.690s] Level 1:colcon.colcon_core.package_identification:_identify(.) by extensions ['colcon_pkg']
[1.690s] Level 1:colcon.colcon_core.package_identification:_identify(.) by extension 'colcon_pkg'
[1.691s] Level 1:colcon.colcon_core.package_identification:_identify(.) by extensions ['colcon_meta']
[1.691s] Level 1:colcon.colcon_core.package_identification:_identify(.) by extension 'colcon_meta'
[1.692s] Level 1:colcon.colcon_core.package_identification:_identify(.) by extensions ['ros']
[1.692s] Level 1:colcon.colcon_core.package_identification:_identify(.) by extension 'ros'
[1.726s] Level 1:colcon.colcon_core.package_identification:_identify(.) by extensions ['cmake', 'python']
[1.726s] Level 1:colcon.colcon_core.package_identification:_identify(.) by extension 'cmake'
[1.727s] Level 1:colcon.colcon_core.package_identification:_identify(.) by extension 'python'
[1.728s] Level 1:colcon.colcon_core.package_identification:_identify(.) by extensions ['python_setup_py']
[1.728s] Level 1:colcon.colcon_core.package_identification:_identify(.) by extension 'python_setup_py'
[1.735s] Level 1:colcon.colcon_core.package_identification:_identify(build) by extensions ['ignore', 'ignore_ament_install']
[1.736s] Level 1:colcon.colcon_core.package_identification:_identify(build) by extension 'ignore'
[1.739s] Level 1:colcon.colcon_core.package_identification:_identify(build) ignored
[1.746s] Level 1:colcon.colcon_core.package_identification:_identify(install) by extensions ['ignore', 'ignore_ament_install']
[1.746s] Level 1:colcon.colcon_core.package_identification:_identify(install) by extension 'ignore'
[1.750s] Level 1:colcon.colcon_core.package_identification:_identify(install) ignored
[1.761s] Level 1:colcon.colcon_core.package_identification:_identify(log) by extensions ['ignore', 'ignore_ament_install']
[1.762s] Level 1:colcon.colcon_core.package_identification:_identify(log) by extension 'ignore'
[1.764s] Level 1:colcon.colcon_core.package_identification:_identify(log) ignored
[1.771s] Level 1:colcon.colcon_core.package_identification:_identify(src) by extensions ['ignore', 'ignore_ament_install']
[1.771s] Level 1:colcon.colcon_core.package_identification:_identify(src) by extension 'ignore'
[1.773s] Level 1:colcon.colcon_core.package_identification:_identify(src) by extension 'ignore_ament_install'
[1.777s] Level 1:colcon.colcon_core.package_identification:_identify(src) by extensions ['colcon_pkg']
[1.778s] Level 1:colcon.colcon_core.package_identification:_identify(src) by extension 'colcon_pkg'
[1.780s] Level 1:colcon.colcon_core.package_identification:_identify(src) by extensions ['colcon_meta']
[1.780s] Level 1:colcon.colcon_core.package_identification:_identify(src) by extension 'colcon_meta'
[1.782s] Level 1:colcon.colcon_core.package_identification:_identify(src) by extensions ['ros']
[1.783s] Level 1:colcon.colcon_core.package_identification:_identify(src) by extension 'ros'
[1.791s] Level 1:colcon.colcon_core.package_identification:_identify(src) by extensions ['cmake', 'python']
[1.792s] Level 1:colcon.colcon_core.package_identification:_identify(src) by extension 'cmake'
[1.794s] Level 1:colcon.colcon_core.package_identification:_identify(src) by extension 'python'
[1.797s] Level 1:colcon.colcon_core.package_identification:_identify(src) by extensions ['python_setup_py']
[1.797s] Level 1:colcon.colcon_core.package_identification:_identify(src) by extension 'python_setup_py'
[1.808s] Level 1:colcon.colcon_core.package_identification:_identify(src/server) by extensions ['ignore', 'ignore_ament_install']
[1.809s] Level 1:colcon.colcon_core.package_identification:_identify(src/server) by extension 'ignore'
[1.812s] Level 1:colcon.colcon_core.package_identification:_identify(src/server) by extension 'ignore_ament_install'
[1.818s] Level 1:colcon.colcon_core.package_identification:_identify(src/server) by extensions ['colcon_pkg']
[1.819s] Level 1:colcon.colcon_core.package_identification:_identify(src/server) by extension 'colcon_pkg'
[1.822s] Level 1:colcon.colcon_core.package_identification:_identify(src/server) by extensions ['colcon_meta']
[1.823s] Level 1:colcon.colcon_core.package_identification:_identify(src/server) by extension 'colcon_meta'
[1.827s] Level 1:colcon.colcon_core.package_identification:_identify(src/server) by extensions ['ros']
[1.828s] Level 1:colcon.colcon_core.package_identification:_identify(src/server) by extension 'ros'
[1.873s] DEBUG:colcon.colcon_core.package_identification:Package 'src/server' with type 'ros.ament_cmake' and name 'server'
[1.873s] Level 1:colcon.colcon_core.package_discovery:discover_packages(recursive) using defaults
[1.874s] Level 1:colcon.colcon_core.package_discovery:discover_packages(ignore) discover
[1.874s] Level 1:colcon.colcon_core.package_discovery:discover_packages(ignore) using defaults
[1.875s] Level 1:colcon.colcon_core.package_discovery:discover_packages(path) discover
[1.875s] Level 1:colcon.colcon_core.package_discovery:discover_packages(path) using defaults
[1.956s] Level 1:colcon.colcon_core.package_discovery:discover_packages(prefix_path) check parameters
[1.956s] Level 1:colcon.colcon_core.package_discovery:discover_packages(prefix_path) discover
[1.971s] DEBUG:colcon.colcon_installed_package_information.package_discovery:Found 271 installed packages in /opt/ros/humble
[1.975s] Level 1:colcon.colcon_core.package_discovery:discover_packages(prefix_path) using defaults
[2.215s] Level 5:colcon.colcon_core.verb:set package 'server' build argument 'cmake_args' from command line to 'None'
[2.216s] Level 5:colcon.colcon_core.verb:set package 'server' build argument 'cmake_target' from command line to 'None'
[2.217s] Level 5:colcon.colcon_core.verb:set package 'server' build argument 'cmake_target_skip_unavailable' from command line to 'False'
[2.217s] Level 5:colcon.colcon_core.verb:set package 'server' build argument 'cmake_clean_cache' from command line to 'False'
[2.218s] Level 5:colcon.colcon_core.verb:set package 'server' build argument 'cmake_clean_first' from command line to 'False'
[2.219s] Level 5:colcon.colcon_core.verb:set package 'server' build argument 'cmake_force_configure' from command line to 'False'
[2.220s] Level 5:colcon.colcon_core.verb:set package 'server' build argument 'ament_cmake_args' from command line to 'None'
[2.220s] Level 5:colcon.colcon_core.verb:set package 'server' build argument 'catkin_cmake_args' from command line to 'None'
[2.221s] Level 5:colcon.colcon_core.verb:set package 'server' build argument 'catkin_skip_building_tests' from command line to 'False'
[2.222s] DEBUG:colcon.colcon_core.verb:Building package 'server' with the following arguments: {'ament_cmake_args': None, 'build_base': '/mnt/c/Users/jalen/Desktop/Projects/ros2/server/build/server', 'catkin_cmake_args': None, 'catkin_skip_building_tests': False, 'cmake_args': None, 'cmake_clean_cache': False, 'cmake_clean_first': False, 'cmake_force_configure': False, 'cmake_target': None, 'cmake_target_skip_unavailable': False, 'install_base': '/mnt/c/Users/jalen/Desktop/Projects/ros2/server/install/server', 'merge_install': False, 'path': '/mnt/c/Users/jalen/Desktop/Projects/ros2/server/src/server', 'symlink_install': False, 'test_result_base': None}
[2.223s] INFO:colcon.colcon_core.executor:Executing jobs using 'parallel' executor
[2.227s] DEBUG:colcon.colcon_parallel_executor.executor.parallel:run_until_complete
[2.229s] INFO:colcon.colcon_ros.task.ament_cmake.build:Building ROS package in '/mnt/c/Users/jalen/Desktop/Projects/ros2/server/src/server' with build type 'ament_cmake'
[2.230s] INFO:colcon.colcon_cmake.task.cmake.build:Building CMake package in '/mnt/c/Users/jalen/Desktop/Projects/ros2/server/src/server'
[2.256s] INFO:colcon.colcon_core.plugin_system:Skipping extension 'colcon_core.shell.bat': Not used on non-Windows systems
[2.257s] INFO:colcon.colcon_core.shell:Skip shell extension 'powershell' for command environment: Not usable outside of PowerShell
[2.257s] DEBUG:colcon.colcon_core.shell:Skip shell extension 'dsv' for command environment
[2.434s] DEBUG:colcon.colcon_core.event_handler.log_command:Invoking command in '/mnt/c/Users/jalen/Desktop/Projects/ros2/server/build/server': CMAKE_PREFIX_PATH=/opt/ros/humble /usr/bin/cmake /mnt/c/Users/jalen/Desktop/Projects/ros2/server/src/server -DCMAKE_INSTALL_PREFIX=/mnt/c/Users/jalen/Desktop/Projects/ros2/server/install/server
[42.729s] DEBUG:colcon.colcon_core.event_handler.log_command:Invoked command in '/mnt/c/Users/jalen/Desktop/Projects/ros2/server/build/server' returned '0': CMAKE_PREFIX_PATH=/opt/ros/humble /usr/bin/cmake /mnt/c/Users/jalen/Desktop/Projects/ros2/server/src/server -DCMAKE_INSTALL_PREFIX=/mnt/c/Users/jalen/Desktop/Projects/ros2/server/install/server
[42.761s] DEBUG:colcon.colcon_core.event_handler.log_command:Invoking command in '/mnt/c/Users/jalen/Desktop/Projects/ros2/server/build/server': CMAKE_PREFIX_PATH=/opt/ros/humble /usr/bin/cmake --build /mnt/c/Users/jalen/Desktop/Projects/ros2/server/build/server -- -j12 -l12
[55.650s] DEBUG:colcon.colcon_core.event_handler.log_command:Invoked command in '/mnt/c/Users/jalen/Desktop/Projects/ros2/server/build/server' returned '2': CMAKE_PREFIX_PATH=/opt/ros/humble /usr/bin/cmake --build /mnt/c/Users/jalen/Desktop/Projects/ros2/server/build/server -- -j12 -l12
[55.688s] Level 1:colcon.colcon_core.environment:create_environment_scripts_only(server)
[55.712s] Level 1:colcon.colcon_core.environment:checking '/mnt/c/Users/jalen/Desktop/Projects/ros2/server/install/server' for CMake module files
[55.746s] Level 1:colcon.colcon_core.environment:checking '/mnt/c/Users/jalen/Desktop/Projects/ros2/server/install/server' for CMake config files
[55.750s] Level 1:colcon.colcon_core.environment:checking '/mnt/c/Users/jalen/Desktop/Projects/ros2/server/install/server/bin'
[55.752s] Level 1:colcon.colcon_core.environment:checking '/mnt/c/Users/jalen/Desktop/Projects/ros2/server/install/server/lib/pkgconfig/server.pc'
[55.755s] Level 1:colcon.colcon_core.environment:checking '/mnt/c/Users/jalen/Desktop/Projects/ros2/server/install/server/lib/python3.10/site-packages'
[55.757s] Level 1:colcon.colcon_core.environment:checking '/mnt/c/Users/jalen/Desktop/Projects/ros2/server/install/server/bin'
[55.759s] INFO:colcon.colcon_core.shell:Creating package script '/mnt/c/Users/jalen/Desktop/Projects/ros2/server/install/server/share/server/package.ps1'
[55.798s] INFO:colcon.colcon_core.shell:Creating package descriptor '/mnt/c/Users/jalen/Desktop/Projects/ros2/server/install/server/share/server/package.dsv'
[55.828s] INFO:colcon.colcon_core.shell:Creating package script '/mnt/c/Users/jalen/Desktop/Projects/ros2/server/install/server/share/server/package.sh'
[55.857s] INFO:colcon.colcon_core.shell:Creating package script '/mnt/c/Users/jalen/Desktop/Projects/ros2/server/install/server/share/server/package.bash'
[55.888s] INFO:colcon.colcon_core.shell:Creating package script '/mnt/c/Users/jalen/Desktop/Projects/ros2/server/install/server/share/server/package.zsh'
[55.920s] Level 1:colcon.colcon_core.environment:create_file_with_runtime_dependencies(/mnt/c/Users/jalen/Desktop/Projects/ros2/server/install/server/share/colcon-core/packages/server)
[55.950s] DEBUG:colcon.colcon_parallel_executor.executor.parallel:closing loop
[55.951s] DEBUG:colcon.colcon_parallel_executor.executor.parallel:loop closed
[55.952s] DEBUG:colcon.colcon_parallel_executor.executor.parallel:run_until_complete finished with '2'
[55.953s] DEBUG:colcon.colcon_core.event_reactor:joining thread
[56.113s] INFO:colcon.colcon_core.plugin_system:Skipping extension 'colcon_notification.desktop_notification.notify_send': Could not find 'notify-send'
[56.113s] INFO:colcon.colcon_core.plugin_system:Skipping extension 'colcon_notification.desktop_notification.terminal_notifier': Not used on non-Darwin systems
[56.114s] INFO:colcon.colcon_core.plugin_system:Skipping extension 'colcon_notification.desktop_notification.win32': Not used on non-Windows systems
[56.115s] INFO:colcon.colcon_notification.desktop_notification:Sending desktop notification using 'notify2'
[56.118s] DEBUG:colcon.colcon_notification.desktop_notification.notify2:Failed to initialize notify2: org.freedesktop.DBus.Error.FileNotFound: Failed to connect to socket /run/user/1000/bus: No such file or directory
[56.119s] DEBUG:colcon.colcon_core.event_reactor:joined thread
[56.120s] INFO:colcon.colcon_core.shell:Creating prefix script '/mnt/c/Users/jalen/Desktop/Projects/ros2/server/install/local_setup.ps1'
[56.133s] INFO:colcon.colcon_core.shell:Creating prefix util module '/mnt/c/Users/jalen/Desktop/Projects/ros2/server/install/_local_setup_util_ps1.py'
[56.147s] INFO:colcon.colcon_core.shell:Creating prefix chain script '/mnt/c/Users/jalen/Desktop/Projects/ros2/server/install/setup.ps1'
[56.159s] INFO:colcon.colcon_core.shell:Creating prefix script '/mnt/c/Users/jalen/Desktop/Projects/ros2/server/install/local_setup.sh'
[56.173s] INFO:colcon.colcon_core.shell:Creating prefix util module '/mnt/c/Users/jalen/Desktop/Projects/ros2/server/install/_local_setup_util_sh.py'
[56.186s] INFO:colcon.colcon_core.shell:Creating prefix chain script '/mnt/c/Users/jalen/Desktop/Projects/ros2/server/install/setup.sh'
[56.202s] INFO:colcon.colcon_core.shell:Creating prefix script '/mnt/c/Users/jalen/Desktop/Projects/ros2/server/install/local_setup.bash'
[56.216s] INFO:colcon.colcon_core.shell:Creating prefix chain script '/mnt/c/Users/jalen/Desktop/Projects/ros2/server/install/setup.bash'
[56.231s] INFO:colcon.colcon_core.shell:Creating prefix script '/mnt/c/Users/jalen/Desktop/Projects/ros2/server/install/local_setup.zsh'
[56.244s] INFO:colcon.colcon_core.shell:Creating prefix chain script '/mnt/c/Users/jalen/Desktop/Projects/ros2/server/install/setup.zsh'
