[0.994s] DEBUG:colcon:Command line arguments: ['/usr/bin/colcon', 'build', '--packages-select', 'server']
[0.995s] DEBUG:colcon:Parsed command line arguments: Namespace(log_base=None, log_level=None, verb_name='build', build_base='build', install_base='install', merge_install=False, symlink_install=False, test_result_base=None, continue_on_error=False, executor='parallel', parallel_workers=12, event_handlers=None, ignore_user_meta=False, metas=['./colcon.meta'], base_paths=['.'], packages_ignore=None, packages_ignore_regex=None, paths=None, packages_up_to=None, packages_up_to_regex=None, packages_above=None, packages_above_and_dependencies=None, packages_above_depth=None, packages_select_by_dep=None, packages_skip_by_dep=None, packages_skip_up_to=None, packages_select_build_failed=False, packages_skip_build_finished=False, packages_select_test_failures=False, packages_skip_test_passed=False, packages_select=['server'], packages_skip=None, packages_select_regex=None, packages_skip_regex=None, packages_start=None, packages_end=None, allow_overriding=[], cmake_args=None, cmake_target=None, cmake_target_skip_unavailable=False, cmake_clean_cache=False, cmake_clean_first=False, cmake_force_configure=False, ament_cmake_args=None, catkin_cmake_args=None, catkin_skip_building_tests=False, verb_parser=<colcon_defaults.argument_parser.defaults.DefaultArgumentsDecorator object at 0x737feedff4c0>, verb_extension=<colcon_core.verb.build.BuildVerb object at 0x737feedfef80>, main=<bound method BuildVerb.main of <colcon_core.verb.build.BuildVerb object at 0x737feedfef80>>)
[1.627s] Level 1:colcon.colcon_core.package_discovery:discover_packages(colcon_meta) check parameters
[1.629s] Level 1:colcon.colcon_core.package_discovery:discover_packages(recursive) check parameters
[1.630s] Level 1:colcon.colcon_core.package_discovery:discover_packages(ignore) check parameters
[1.630s] Level 1:colcon.colcon_core.package_discovery:discover_packages(path) check parameters
[1.631s] Level 1:colcon.colcon_core.package_discovery:discover_packages(colcon_meta) discover
[1.631s] Level 1:colcon.colcon_core.package_discovery:discover_packages(recursive) discover
[1.632s] INFO:colcon.colcon_core.package_discovery:Crawling recursively for packages in '/mnt/c/Users/jalen/Desktop/Projects/ros2/server'
[1.636s] Level 1:colcon.colcon_core.package_identification:_identify(.) by extensions ['ignore', 'ignore_ament_install']
[1.637s] Level 1:colcon.colcon_core.package_identification:_identify(.) by extension 'ignore'
[1.638s] Level 1:colcon.colcon_core.package_identification:_identify(.) by extension 'ignore_ament_install'
[1.640s] Level 1:colcon.colcon_core.package_identification:_identify(.) by extensions ['colcon_pkg']
[1.640s] Level 1:colcon.colcon_core.package_identification:_identify(.) by extension 'colcon_pkg'
[1.641s] Level 1:colcon.colcon_core.package_identification:_identify(.) by extensions ['colcon_meta']
[1.642s] Level 1:colcon.colcon_core.package_identification:_identify(.) by extension 'colcon_meta'
[1.643s] Level 1:colcon.colcon_core.package_identification:_identify(.) by extensions ['ros']
[1.643s] Level 1:colcon.colcon_core.package_identification:_identify(.) by extension 'ros'
[1.678s] Level 1:colcon.colcon_core.package_identification:_identify(.) by extensions ['cmake', 'python']
[1.679s] Level 1:colcon.colcon_core.package_identification:_identify(.) by extension 'cmake'
[1.680s] Level 1:colcon.colcon_core.package_identification:_identify(.) by extension 'python'
[1.681s] Level 1:colcon.colcon_core.package_identification:_identify(.) by extensions ['python_setup_py']
[1.681s] Level 1:colcon.colcon_core.package_identification:_identify(.) by extension 'python_setup_py'
[1.689s] Level 1:colcon.colcon_core.package_identification:_identify(build) by extensions ['ignore', 'ignore_ament_install']
[1.690s] Level 1:colcon.colcon_core.package_identification:_identify(build) by extension 'ignore'
[1.693s] Level 1:colcon.colcon_core.package_identification:_identify(build) ignored
[1.700s] Level 1:colcon.colcon_core.package_identification:_identify(install) by extensions ['ignore', 'ignore_ament_install']
[1.701s] Level 1:colcon.colcon_core.package_identification:_identify(install) by extension 'ignore'
[1.704s] Level 1:colcon.colcon_core.package_identification:_identify(install) ignored
[1.714s] Level 1:colcon.colcon_core.package_identification:_identify(log) by extensions ['ignore', 'ignore_ament_install']
[1.715s] Level 1:colcon.colcon_core.package_identification:_identify(log) by extension 'ignore'
[1.717s] Level 1:colcon.colcon_core.package_identification:_identify(log) ignored
[1.723s] Level 1:colcon.colcon_core.package_identification:_identify(src) by extensions ['ignore', 'ignore_ament_install']
[1.724s] Level 1:colcon.colcon_core.package_identification:_identify(src) by extension 'ignore'
[1.726s] Level 1:colcon.colcon_core.package_identification:_identify(src) by extension 'ignore_ament_install'
[1.730s] Level 1:colcon.colcon_core.package_identification:_identify(src) by extensions ['colcon_pkg']
[1.730s] Level 1:colcon.colcon_core.package_identification:_identify(src) by extension 'colcon_pkg'
[1.732s] Level 1:colcon.colcon_core.package_identification:_identify(src) by extensions ['colcon_meta']
[1.733s] Level 1:colcon.colcon_core.package_identification:_identify(src) by extension 'colcon_meta'
[1.735s] Level 1:colcon.colcon_core.package_identification:_identify(src) by extensions ['ros']
[1.735s] Level 1:colcon.colcon_core.package_identification:_identify(src) by extension 'ros'
[1.744s] Level 1:colcon.colcon_core.package_identification:_identify(src) by extensions ['cmake', 'python']
[1.744s] Level 1:colcon.colcon_core.package_identification:_identify(src) by extension 'cmake'
[1.747s] Level 1:colcon.colcon_core.package_identification:_identify(src) by extension 'python'
[1.749s] Level 1:colcon.colcon_core.package_identification:_identify(src) by extensions ['python_setup_py']
[1.749s] Level 1:colcon.colcon_core.package_identification:_identify(src) by extension 'python_setup_py'
[1.761s] Level 1:colcon.colcon_core.package_identification:_identify(src/server) by extensions ['ignore', 'ignore_ament_install']
[1.762s] Level 1:colcon.colcon_core.package_identification:_identify(src/server) by extension 'ignore'
[1.765s] Level 1:colcon.colcon_core.package_identification:_identify(src/server) by extension 'ignore_ament_install'
[1.771s] Level 1:colcon.colcon_core.package_identification:_identify(src/server) by extensions ['colcon_pkg']
[1.772s] Level 1:colcon.colcon_core.package_identification:_identify(src/server) by extension 'colcon_pkg'
[1.775s] Level 1:colcon.colcon_core.package_identification:_identify(src/server) by extensions ['colcon_meta']
[1.776s] Level 1:colcon.colcon_core.package_identification:_identify(src/server) by extension 'colcon_meta'
[1.780s] Level 1:colcon.colcon_core.package_identification:_identify(src/server) by extensions ['ros']
[1.781s] Level 1:colcon.colcon_core.package_identification:_identify(src/server) by extension 'ros'
[1.829s] DEBUG:colcon.colcon_core.package_identification:Package 'src/server' with type 'ros.ament_cmake' and name 'server'
[1.829s] Level 1:colcon.colcon_core.package_discovery:discover_packages(recursive) using defaults
[1.830s] Level 1:colcon.colcon_core.package_discovery:discover_packages(ignore) discover
[1.830s] Level 1:colcon.colcon_core.package_discovery:discover_packages(ignore) using defaults
[1.831s] Level 1:colcon.colcon_core.package_discovery:discover_packages(path) discover
[1.831s] Level 1:colcon.colcon_core.package_discovery:discover_packages(path) using defaults
[1.979s] Level 1:colcon.colcon_core.package_discovery:discover_packages(prefix_path) check parameters
[1.980s] Level 1:colcon.colcon_core.package_discovery:discover_packages(prefix_path) discover
[2.074s] DEBUG:colcon.colcon_installed_package_information.package_discovery:Found 1 installed packages in /mnt/c/Users/jalen/Desktop/Projects/ros2/server/install
[2.077s] DEBUG:colcon.colcon_installed_package_information.package_discovery:Found 271 installed packages in /opt/ros/humble
[2.081s] Level 1:colcon.colcon_core.package_discovery:discover_packages(prefix_path) using defaults
[2.199s] Level 5:colcon.colcon_core.verb:set package 'server' build argument 'cmake_args' from command line to 'None'
[2.200s] Level 5:colcon.colcon_core.verb:set package 'server' build argument 'cmake_target' from command line to 'None'
[2.200s] Level 5:colcon.colcon_core.verb:set package 'server' build argument 'cmake_target_skip_unavailable' from command line to 'False'
[2.201s] Level 5:colcon.colcon_core.verb:set package 'server' build argument 'cmake_clean_cache' from command line to 'False'
[2.201s] Level 5:colcon.colcon_core.verb:set package 'server' build argument 'cmake_clean_first' from command line to 'False'
[2.202s] Level 5:colcon.colcon_core.verb:set package 'server' build argument 'cmake_force_configure' from command line to 'False'
[2.202s] Level 5:colcon.colcon_core.verb:set package 'server' build argument 'ament_cmake_args' from command line to 'None'
[2.203s] Level 5:colcon.colcon_core.verb:set package 'server' build argument 'catkin_cmake_args' from command line to 'None'
[2.203s] Level 5:colcon.colcon_core.verb:set package 'server' build argument 'catkin_skip_building_tests' from command line to 'False'
[2.204s] DEBUG:colcon.colcon_core.verb:Building package 'server' with the following arguments: {'ament_cmake_args': None, 'build_base': '/mnt/c/Users/jalen/Desktop/Projects/ros2/server/build/server', 'catkin_cmake_args': None, 'catkin_skip_building_tests': False, 'cmake_args': None, 'cmake_clean_cache': False, 'cmake_clean_first': False, 'cmake_force_configure': False, 'cmake_target': None, 'cmake_target_skip_unavailable': False, 'install_base': '/mnt/c/Users/jalen/Desktop/Projects/ros2/server/install/server', 'merge_install': False, 'path': '/mnt/c/Users/jalen/Desktop/Projects/ros2/server/src/server', 'symlink_install': False, 'test_result_base': None}
[2.205s] INFO:colcon.colcon_core.executor:Executing jobs using 'parallel' executor
[2.208s] DEBUG:colcon.colcon_parallel_executor.executor.parallel:run_until_complete
[2.209s] INFO:colcon.colcon_ros.task.ament_cmake.build:Building ROS package in '/mnt/c/Users/jalen/Desktop/Projects/ros2/server/src/server' with build type 'ament_cmake'
[2.210s] INFO:colcon.colcon_cmake.task.cmake.build:Building CMake package in '/mnt/c/Users/jalen/Desktop/Projects/ros2/server/src/server'
[2.230s] INFO:colcon.colcon_core.plugin_system:Skipping extension 'colcon_core.shell.bat': Not used on non-Windows systems
[2.231s] INFO:colcon.colcon_core.shell:Skip shell extension 'powershell' for command environment: Not usable outside of PowerShell
[2.232s] DEBUG:colcon.colcon_core.shell:Skip shell extension 'dsv' for command environment
[2.608s] DEBUG:colcon.colcon_core.event_handler.log_command:Invoking command in '/mnt/c/Users/jalen/Desktop/Projects/ros2/server/build/server': CMAKE_PREFIX_PATH=${CMAKE_PREFIX_PATH}:/opt/ros/humble /usr/bin/cmake --build /mnt/c/Users/jalen/Desktop/Projects/ros2/server/build/server -- -j12 -l12
[9.378s] DEBUG:colcon.colcon_core.event_handler.log_command:Invoked command in '/mnt/c/Users/jalen/Desktop/Projects/ros2/server/build/server' returned '0': CMAKE_PREFIX_PATH=${CMAKE_PREFIX_PATH}:/opt/ros/humble /usr/bin/cmake --build /mnt/c/Users/jalen/Desktop/Projects/ros2/server/build/server -- -j12 -l12
[9.775s] DEBUG:colcon.colcon_core.event_handler.log_command:Invoking command in '/mnt/c/Users/jalen/Desktop/Projects/ros2/server/build/server': CMAKE_PREFIX_PATH=${CMAKE_PREFIX_PATH}:/opt/ros/humble /usr/bin/cmake --install /mnt/c/Users/jalen/Desktop/Projects/ros2/server/build/server
[22.193s] Level 1:colcon.colcon_core.environment:create_environment_scripts_only(server)
[22.196s] DEBUG:colcon.colcon_core.event_handler.log_command:Invoked command in '/mnt/c/Users/jalen/Desktop/Projects/ros2/server/build/server' returned '0': CMAKE_PREFIX_PATH=${CMAKE_PREFIX_PATH}:/opt/ros/humble /usr/bin/cmake --install /mnt/c/Users/jalen/Desktop/Projects/ros2/server/build/server
[22.213s] Level 1:colcon.colcon_core.environment:checking '/mnt/c/Users/jalen/Desktop/Projects/ros2/server/install/server' for CMake module files
[22.775s] Level 1:colcon.colcon_core.environment:checking '/mnt/c/Users/jalen/Desktop/Projects/ros2/server/install/server' for CMake config files
[23.258s] Level 1:colcon.colcon_core.shell:create_environment_hook('server', 'cmake_prefix_path')
[23.259s] INFO:colcon.colcon_core.shell:Creating environment hook '/mnt/c/Users/jalen/Desktop/Projects/ros2/server/install/server/share/server/hook/cmake_prefix_path.ps1'
[23.295s] INFO:colcon.colcon_core.shell:Creating environment descriptor '/mnt/c/Users/jalen/Desktop/Projects/ros2/server/install/server/share/server/hook/cmake_prefix_path.dsv'
[23.332s] INFO:colcon.colcon_core.shell:Creating environment hook '/mnt/c/Users/jalen/Desktop/Projects/ros2/server/install/server/share/server/hook/cmake_prefix_path.sh'
[23.379s] Level 1:colcon.colcon_core.environment:checking '/mnt/c/Users/jalen/Desktop/Projects/ros2/server/install/server/lib'
[23.390s] Level 1:colcon.colcon_core.shell:create_environment_hook('server', 'ld_library_path_lib')
[23.391s] INFO:colcon.colcon_core.shell:Creating environment hook '/mnt/c/Users/jalen/Desktop/Projects/ros2/server/install/server/share/server/hook/ld_library_path_lib.ps1'
[23.427s] INFO:colcon.colcon_core.shell:Creating environment descriptor '/mnt/c/Users/jalen/Desktop/Projects/ros2/server/install/server/share/server/hook/ld_library_path_lib.dsv'
[23.461s] INFO:colcon.colcon_core.shell:Creating environment hook '/mnt/c/Users/jalen/Desktop/Projects/ros2/server/install/server/share/server/hook/ld_library_path_lib.sh'
[23.495s] Level 1:colcon.colcon_core.environment:checking '/mnt/c/Users/jalen/Desktop/Projects/ros2/server/install/server/bin'
[23.499s] Level 1:colcon.colcon_core.environment:checking '/mnt/c/Users/jalen/Desktop/Projects/ros2/server/install/server/lib/pkgconfig/server.pc'
[23.504s] Level 1:colcon.colcon_core.environment:checking '/mnt/c/Users/jalen/Desktop/Projects/ros2/server/install/server/lib/python3.10/site-packages'
[23.509s] Level 1:colcon.colcon_core.environment:checking '/mnt/c/Users/jalen/Desktop/Projects/ros2/server/install/server/bin'
[23.513s] INFO:colcon.colcon_core.shell:Creating package script '/mnt/c/Users/jalen/Desktop/Projects/ros2/server/install/server/share/server/package.ps1'
[23.542s] INFO:colcon.colcon_core.shell:Creating package descriptor '/mnt/c/Users/jalen/Desktop/Projects/ros2/server/install/server/share/server/package.dsv'
[23.570s] INFO:colcon.colcon_core.shell:Creating package script '/mnt/c/Users/jalen/Desktop/Projects/ros2/server/install/server/share/server/package.sh'
[23.599s] INFO:colcon.colcon_core.shell:Creating package script '/mnt/c/Users/jalen/Desktop/Projects/ros2/server/install/server/share/server/package.bash'
[23.628s] INFO:colcon.colcon_core.shell:Creating package script '/mnt/c/Users/jalen/Desktop/Projects/ros2/server/install/server/share/server/package.zsh'
[23.657s] Level 1:colcon.colcon_core.environment:create_file_with_runtime_dependencies(/mnt/c/Users/jalen/Desktop/Projects/ros2/server/install/server/share/colcon-core/packages/server)
[23.722s] Level 1:colcon.colcon_core.environment:create_environment_scripts_only(server)
[23.723s] Level 1:colcon.colcon_core.environment:checking '/mnt/c/Users/jalen/Desktop/Projects/ros2/server/install/server' for CMake module files
[24.305s] Level 1:colcon.colcon_core.environment:checking '/mnt/c/Users/jalen/Desktop/Projects/ros2/server/install/server' for CMake config files
[24.795s] Level 1:colcon.colcon_core.shell:create_environment_hook('server', 'cmake_prefix_path')
[24.796s] INFO:colcon.colcon_core.shell:Creating environment hook '/mnt/c/Users/jalen/Desktop/Projects/ros2/server/install/server/share/server/hook/cmake_prefix_path.ps1'
[24.838s] INFO:colcon.colcon_core.shell:Creating environment descriptor '/mnt/c/Users/jalen/Desktop/Projects/ros2/server/install/server/share/server/hook/cmake_prefix_path.dsv'
[24.880s] INFO:colcon.colcon_core.shell:Creating environment hook '/mnt/c/Users/jalen/Desktop/Projects/ros2/server/install/server/share/server/hook/cmake_prefix_path.sh'
[24.928s] Level 1:colcon.colcon_core.environment:checking '/mnt/c/Users/jalen/Desktop/Projects/ros2/server/install/server/lib'
[24.942s] Level 1:colcon.colcon_core.shell:create_environment_hook('server', 'ld_library_path_lib')
[24.943s] INFO:colcon.colcon_core.shell:Creating environment hook '/mnt/c/Users/jalen/Desktop/Projects/ros2/server/install/server/share/server/hook/ld_library_path_lib.ps1'
[24.979s] INFO:colcon.colcon_core.shell:Creating environment descriptor '/mnt/c/Users/jalen/Desktop/Projects/ros2/server/install/server/share/server/hook/ld_library_path_lib.dsv'
[25.015s] INFO:colcon.colcon_core.shell:Creating environment hook '/mnt/c/Users/jalen/Desktop/Projects/ros2/server/install/server/share/server/hook/ld_library_path_lib.sh'
[25.055s] Level 1:colcon.colcon_core.environment:checking '/mnt/c/Users/jalen/Desktop/Projects/ros2/server/install/server/bin'
[25.059s] Level 1:colcon.colcon_core.environment:checking '/mnt/c/Users/jalen/Desktop/Projects/ros2/server/install/server/lib/pkgconfig/server.pc'
[25.064s] Level 1:colcon.colcon_core.environment:checking '/mnt/c/Users/jalen/Desktop/Projects/ros2/server/install/server/lib/python3.10/site-packages'
[25.069s] Level 1:colcon.colcon_core.environment:checking '/mnt/c/Users/jalen/Desktop/Projects/ros2/server/install/server/bin'
[25.073s] INFO:colcon.colcon_core.shell:Creating package script '/mnt/c/Users/jalen/Desktop/Projects/ros2/server/install/server/share/server/package.ps1'
[25.104s] INFO:colcon.colcon_core.shell:Creating package descriptor '/mnt/c/Users/jalen/Desktop/Projects/ros2/server/install/server/share/server/package.dsv'
[25.135s] INFO:colcon.colcon_core.shell:Creating package script '/mnt/c/Users/jalen/Desktop/Projects/ros2/server/install/server/share/server/package.sh'
[25.164s] INFO:colcon.colcon_core.shell:Creating package script '/mnt/c/Users/jalen/Desktop/Projects/ros2/server/install/server/share/server/package.bash'
[25.195s] INFO:colcon.colcon_core.shell:Creating package script '/mnt/c/Users/jalen/Desktop/Projects/ros2/server/install/server/share/server/package.zsh'
[25.226s] Level 1:colcon.colcon_core.environment:create_file_with_runtime_dependencies(/mnt/c/Users/jalen/Desktop/Projects/ros2/server/install/server/share/colcon-core/packages/server)
[25.251s] DEBUG:colcon.colcon_parallel_executor.executor.parallel:closing loop
[25.252s] DEBUG:colcon.colcon_parallel_executor.executor.parallel:loop closed
[25.253s] DEBUG:colcon.colcon_parallel_executor.executor.parallel:run_until_complete finished with '0'
[25.253s] DEBUG:colcon.colcon_core.event_reactor:joining thread
[25.426s] INFO:colcon.colcon_core.plugin_system:Skipping extension 'colcon_notification.desktop_notification.notify_send': Could not find 'notify-send'
[25.426s] INFO:colcon.colcon_core.plugin_system:Skipping extension 'colcon_notification.desktop_notification.terminal_notifier': Not used on non-Darwin systems
[25.427s] INFO:colcon.colcon_core.plugin_system:Skipping extension 'colcon_notification.desktop_notification.win32': Not used on non-Windows systems
[25.427s] INFO:colcon.colcon_notification.desktop_notification:Sending desktop notification using 'notify2'
[25.428s] DEBUG:colcon.colcon_notification.desktop_notification.notify2:Failed to initialize notify2: org.freedesktop.DBus.Error.FileNotFound: Failed to connect to socket /run/user/1000/bus: No such file or directory
[25.429s] DEBUG:colcon.colcon_core.event_reactor:joined thread
[25.430s] INFO:colcon.colcon_core.shell:Creating prefix script '/mnt/c/Users/jalen/Desktop/Projects/ros2/server/install/local_setup.ps1'
[25.443s] INFO:colcon.colcon_core.shell:Creating prefix util module '/mnt/c/Users/jalen/Desktop/Projects/ros2/server/install/_local_setup_util_ps1.py'
[25.458s] INFO:colcon.colcon_core.shell:Creating prefix chain script '/mnt/c/Users/jalen/Desktop/Projects/ros2/server/install/setup.ps1'
[25.495s] INFO:colcon.colcon_core.shell:Creating prefix script '/mnt/c/Users/jalen/Desktop/Projects/ros2/server/install/local_setup.sh'
[25.508s] INFO:colcon.colcon_core.shell:Creating prefix util module '/mnt/c/Users/jalen/Desktop/Projects/ros2/server/install/_local_setup_util_sh.py'
[25.521s] INFO:colcon.colcon_core.shell:Creating prefix chain script '/mnt/c/Users/jalen/Desktop/Projects/ros2/server/install/setup.sh'
[25.560s] INFO:colcon.colcon_core.shell:Creating prefix script '/mnt/c/Users/jalen/Desktop/Projects/ros2/server/install/local_setup.bash'
[25.574s] INFO:colcon.colcon_core.shell:Creating prefix chain script '/mnt/c/Users/jalen/Desktop/Projects/ros2/server/install/setup.bash'
[25.613s] INFO:colcon.colcon_core.shell:Creating prefix script '/mnt/c/Users/jalen/Desktop/Projects/ros2/server/install/local_setup.zsh'
[25.628s] INFO:colcon.colcon_core.shell:Creating prefix chain script '/mnt/c/Users/jalen/Desktop/Projects/ros2/server/install/setup.zsh'
