[01m[K/mnt/c/Users/jalen/Desktop/Projects/ros2/server/src/server/src/add_three_ints_server.cpp:6:32:[m[K [01;31m[Kerror: [m[K‘[01m[Ktutorial_interfaces[m[K’ was not declared in this scope; did you mean ‘[01m[Krcl_interfaces[m[K’?
    6 | void add(const std::shared_ptr<[01;31m[Ktutorial_interfaces[m[K::srv::AddThreeInts::Request> request,
      |                                [01;31m[K^~~~~~~~~~~~~~~~~~~[m[K
      |                                [32m[Krcl_interfaces[m[K
[01m[K/mnt/c/Users/jalen/Desktop/Projects/ros2/server/src/server/src/add_three_ints_server.cpp:6:79:[m[K [01;31m[Kerror: [m[Ktemplate argument 1 is invalid
    6 | void add(const std::shared_ptr<tutorial_interfaces::srv::AddThreeInts::Request[01;31m[K>[m[K request,
      |                                                                               [01;31m[K^[m[K
[01m[K/mnt/c/Users/jalen/Desktop/Projects/ros2/server/src/server/src/add_three_ints_server.cpp:6:32:[m[K [01;31m[Kerror: [m[K‘[01m[Ktutorial_interfaces[m[K’ was not declared in this scope; did you mean ‘[01m[Krcl_interfaces[m[K’?
    6 | void add(const std::shared_ptr<[01;31m[Ktutorial_interfaces[m[K::srv::AddThreeInts::Request> request,
      |                                [01;31m[K^~~~~~~~~~~~~~~~~~~[m[K
      |                                [32m[Krcl_interfaces[m[K
[01m[K/mnt/c/Users/jalen/Desktop/Projects/ros2/server/src/server/src/add_three_ints_server.cpp:6:79:[m[K [01;31m[Kerror: [m[Ktemplate argument 1 is invalid
    6 | void add(const std::shared_ptr<tutorial_interfaces::srv::AddThreeInts::Request[01;31m[K>[m[K request,
      |                                                                               [01;31m[K^[m[K
[01m[K/mnt/c/Users/jalen/Desktop/Projects/ros2/server/src/server/src/add_three_ints_server.cpp:6:32:[m[K [01;31m[Kerror: [m[K‘[01m[Ktutorial_interfaces[m[K’ was not declared in this scope; did you mean ‘[01m[Krcl_interfaces[m[K’?
    6 | void add(const std::shared_ptr<[01;31m[Ktutorial_interfaces[m[K::srv::AddThreeInts::Request> request,
      |                                [01;31m[K^~~~~~~~~~~~~~~~~~~[m[K
      |                                [32m[Krcl_interfaces[m[K
[01m[K/mnt/c/Users/jalen/Desktop/Projects/ros2/server/src/server/src/add_three_ints_server.cpp:6:79:[m[K [01;31m[Kerror: [m[Ktemplate argument 1 is invalid
    6 | void add(const std::shared_ptr<tutorial_interfaces::srv::AddThreeInts::Request[01;31m[K>[m[K request,
      |                                                                               [01;31m[K^[m[K
[01m[K/mnt/c/Users/jalen/Desktop/Projects/ros2/server/src/server/src/add_three_ints_server.cpp:6:16:[m[K [01;31m[Kerror: [m[Kinvalid template-id
    6 | void add(const [01;31m[Kstd[m[K::shared_ptr<tutorial_interfaces::srv::AddThreeInts::Request> request,
      |                [01;31m[K^~~[m[K
[01m[K/mnt/c/Users/jalen/Desktop/Projects/ros2/server/src/server/src/add_three_ints_server.cpp:6:32:[m[K [01;31m[Kerror: [m[K‘[01m[Ktutorial_interfaces[m[K’ was not declared in this scope; did you mean ‘[01m[Krcl_interfaces[m[K’?
    6 | void add(const std::shared_ptr<[01;31m[Ktutorial_interfaces[m[K::srv::AddThreeInts::Request> request,
      |                                [01;31m[K^~~~~~~~~~~~~~~~~~~[m[K
      |                                [32m[Krcl_interfaces[m[K
[01m[K/mnt/c/Users/jalen/Desktop/Projects/ros2/server/src/server/src/add_three_ints_server.cpp:6:6:[m[K [01;31m[Kerror: [m[Kvariable or field ‘[01m[Kadd[m[K’ declared void
    6 | void [01;31m[Kadd[m[K(const std::shared_ptr<tutorial_interfaces::srv::AddThreeInts::Request> request,
      |      [01;31m[K^~~[m[K
[01m[K/mnt/c/Users/jalen/Desktop/Projects/ros2/server/src/server/src/add_three_ints_server.cpp:6:10:[m[K [01;31m[Kerror: [m[Kexpected primary-expression before ‘[01m[Kconst[m[K’
    6 | void add([01;31m[Kconst[m[K std::shared_ptr<tutorial_interfaces::srv::AddThreeInts::Request> request,
      |          [01;31m[K^~~~~[m[K
[01m[K/mnt/c/Users/jalen/Desktop/Projects/ros2/server/src/server/src/add_three_ints_server.cpp:7:27:[m[K [01;31m[Kerror: [m[K‘[01m[Ktutorial_interfaces[m[K’ was not declared in this scope; did you mean ‘[01m[Krcl_interfaces[m[K’?
    7 |           std::shared_ptr<[01;31m[Ktutorial_interfaces[m[K::srv::AddThreeInts::Response>       response)
      |                           [01;31m[K^~~~~~~~~~~~~~~~~~~[m[K
      |                           [32m[Krcl_interfaces[m[K
[01m[K/mnt/c/Users/jalen/Desktop/Projects/ros2/server/src/server/src/add_three_ints_server.cpp:7:75:[m[K [01;31m[Kerror: [m[Ktemplate argument 1 is invalid
    7 |           std::shared_ptr<tutorial_interfaces::srv::AddThreeInts::Response[01;31m[K>[m[K       response)
      |                                                                           [01;31m[K^[m[K
[01m[K/mnt/c/Users/jalen/Desktop/Projects/ros2/server/src/server/src/add_three_ints_server.cpp:[m[K In function ‘[01m[Kint main(int, char**)[m[K’:
[01m[K/mnt/c/Users/jalen/Desktop/Projects/ros2/server/src/server/src/add_three_ints_server.cpp:21:19:[m[K [01;31m[Kerror: [m[K‘[01m[Ktutorial_interfaces[m[K’ was not declared in this scope; did you mean ‘[01m[Krcl_interfaces[m[K’?
   21 |   rclcpp::Service<[01;31m[Ktutorial_interfaces[m[K::srv::AddThreeInts>::SharedPtr service =
      |                   [01;31m[K^~~~~~~~~~~~~~~~~~~[m[K
      |                   [32m[Krcl_interfaces[m[K
[01m[K/mnt/c/Users/jalen/Desktop/Projects/ros2/server/src/server/src/add_three_ints_server.cpp:21:57:[m[K [01;31m[Kerror: [m[Ktemplate argument 1 is invalid
   21 |   rclcpp::Service<tutorial_interfaces::srv::AddThreeInts[01;31m[K>[m[K::SharedPtr service =
      |                                                         [01;31m[K^[m[K
[01m[K/mnt/c/Users/jalen/Desktop/Projects/ros2/server/src/server/src/add_three_ints_server.cpp:21:70:[m[K [01;31m[Kerror: [m[Kqualified-id in declaration before ‘[01m[Kservice[m[K’
   21 |   rclcpp::Service<tutorial_interfaces::srv::AddThreeInts>::SharedPtr [01;31m[Kservice[m[K =
      |                                                                      [01;31m[K^~~~~~~[m[K
gmake[2]: *** [CMakeFiles/add_three_ints_server.dir/build.make:76: CMakeFiles/add_three_ints_server.dir/src/add_three_ints_server.cpp.o] Error 1
gmake[1]: *** [CMakeFiles/Makefile2:593: CMakeFiles/add_three_ints_server.dir/all] Error 2
gmake: *** [Makefile:146: all] Error 2
