-- The C compiler identification is GNU 11.4.0
-- The CXX compiler identification is GNU 11.4.0
-- Detecting C compiler ABI info
-- Detecting C compiler ABI info - done
-- Check for working C compiler: /usr/bin/cc - skipped
-- Detecting C compile features
-- Detecting C compile features - done
-- Detecting CXX compiler ABI info
-- Detecting CXX compiler ABI info - done
-- Check for working CXX compiler: /usr/bin/c++ - skipped
-- Detecting CXX compile features
-- Detecting CXX compile features - done
-- Found ament_cmake: 1.3.11 (/opt/ros/humble/share/ament_cmake/cmake)
-- Found Python3: /usr/bin/python3 (found version "3.10.12") found components: Interpreter 
-- Found rosidl_default_generators: 1.2.0 (/opt/ros/humble/share/rosidl_default_generators/cmake)
-- Using all available rosidl_typesupport_c: rosidl_typesupport_fastrtps_c;rosidl_typesupport_introspection_c
-- Found rosidl_adapter: 3.1.6 (/opt/ros/humble/share/rosidl_adapter/cmake)
-- Using all available rosidl_typesupport_cpp: rosidl_typesupport_fastrtps_cpp;rosidl_typesupport_introspection_cpp
-- Found rclcpp: 16.0.12 (/opt/ros/humble/share/rclcpp/cmake)
-- Found rmw_implementation_cmake: 6.1.2 (/opt/ros/humble/share/rmw_implementation_cmake/cmake)
-- Found rmw_fastrtps_cpp: 6.2.7 (/opt/ros/humble/share/rmw_fastrtps_cpp/cmake)
-- Found OpenSSL: /usr/lib/x86_64-linux-gnu/libcrypto.so (found version "3.0.2")  
-- Found FastRTPS: /opt/ros/humble/include  
-- Using RMW implementation 'rmw_fastrtps_cpp' as default
-- Looking for pthread.h
-- Looking for pthread.h - found
-- Performing Test CMAKE_HAVE_LIBC_PTHREAD
-- Performing Test CMAKE_HAVE_LIBC_PTHREAD - Success
-- Found Threads: TRUE  
-- Found ament_cmake_ros: 0.10.0 (/opt/ros/humble/share/ament_cmake_ros/cmake)
-- Using all available rosidl_typesupport_c: rosidl_typesupport_fastrtps_c;rosidl_typesupport_introspection_c
-- Using all available rosidl_typesupport_cpp: rosidl_typesupport_fastrtps_cpp;rosidl_typesupport_introspection_cpp
-- Found PythonInterp: /usr/bin/python3 (found suitable version "3.10.12", minimum required is "3.6") 
-- Found python_cmake_module: 0.10.0 (/opt/ros/humble/share/python_cmake_module/cmake)
-- Found PythonLibs: /usr/lib/x86_64-linux-gnu/libpython3.10.so (found suitable version "3.10.12", minimum required is "3.5") 
-- Using PYTHON_EXECUTABLE: /usr/bin/python3
-- Using PYTHON_INCLUDE_DIRS: /usr/include/python3.10
-- Using PYTHON_LIBRARIES: /usr/lib/x86_64-linux-gnu/libpython3.10.so
-- Found PythonExtra: .so  
-- Configuring done
-- Generating done
-- Build files have been written to: /mnt/c/Users/jalen/Desktop/Projects/ros2/server/build/server
[  3%] [34m[1mGenerating C code for ROS interfaces[0m
[  6%] [34m[1mGenerating C++ code for ROS interfaces[0m
[  6%] Built target ament_cmake_python_copy_server
[  6%] Built target server__cpp
[ 15%] [34m[1mGenerating C++ type support for eProsima Fast-RTPS[0m
[ 15%] [34m[1mGenerating C++ introspection for ROS interfaces[0m
[ 15%] [34m[1mGenerating C++ type support dispatch for ROS interfaces[0m
running egg_info
creating server.egg-info
writing server.egg-info/PKG-INFO
writing dependency_links to server.egg-info/dependency_links.txt
[ 18%] [32mBuilding C object CMakeFiles/server__rosidl_generator_c.dir/rosidl_generator_c/server/srv/detail/add_three_ints__functions.c.o[0m
writing top-level names to server.egg-info/top_level.txt
writing manifest file 'server.egg-info/SOURCES.txt'
reading manifest file 'server.egg-info/SOURCES.txt'
writing manifest file 'server.egg-info/SOURCES.txt'
[ 18%] Built target ament_cmake_python_build_server_egg
[ 21%] [32m[1mLinking C shared library libserver__rosidl_generator_c.so[0m
[ 24%] [32mBuilding CXX object CMakeFiles/server__rosidl_typesupport_cpp.dir/rosidl_typesupport_cpp/server/srv/add_three_ints__type_support.cpp.o[0m
[ 27%] [32mBuilding CXX object CMakeFiles/server__rosidl_typesupport_introspection_cpp.dir/rosidl_typesupport_introspection_cpp/server/srv/detail/add_three_ints__type_support.cpp.o[0m
[ 30%] [32mBuilding CXX object CMakeFiles/server__rosidl_typesupport_fastrtps_cpp.dir/rosidl_typesupport_fastrtps_cpp/server/srv/detail/dds_fastrtps/add_three_ints__type_support.cpp.o[0m
[ 30%] Built target server__rosidl_generator_c
[ 39%] [34m[1mGenerating C type support dispatch for ROS interfaces[0m
[ 39%] [34m[1mGenerating C introspection for ROS interfaces[0m
[ 39%] [34m[1mGenerating C type support for eProsima Fast-RTPS[0m
[ 42%] [32mBuilding CXX object CMakeFiles/server__rosidl_typesupport_c.dir/rosidl_typesupport_c/server/srv/add_three_ints__type_support.cpp.o[0m
[ 48%] [32mBuilding C object CMakeFiles/server__rosidl_typesupport_introspection_c.dir/rosidl_typesupport_introspection_c/server/srv/detail/add_three_ints__type_support.c.o[0m
[ 48%] [32mBuilding CXX object CMakeFiles/server__rosidl_typesupport_fastrtps_c.dir/rosidl_typesupport_fastrtps_c/server/srv/detail/add_three_ints__type_support_c.cpp.o[0m
[ 51%] [32m[1mLinking CXX shared library libserver__rosidl_typesupport_cpp.so[0m
[ 54%] [32m[1mLinking CXX shared library libserver__rosidl_typesupport_c.so[0m
[ 54%] Built target server__rosidl_typesupport_cpp
[ 57%] [32m[1mLinking C shared library libserver__rosidl_typesupport_introspection_c.so[0m
[ 57%] Built target server__rosidl_typesupport_c
[ 60%] [32mBuilding CXX object CMakeFiles/add_three_ints_server.dir/src/add_three_ints_server.cpp.o[0m
[ 63%] [32m[1mLinking CXX shared library libserver__rosidl_typesupport_introspection_cpp.so[0m
[ 63%] Built target server__rosidl_typesupport_introspection_c
[ 66%] [32m[1mLinking CXX shared library libserver__rosidl_typesupport_fastrtps_cpp.so[0m
[ 66%] Built target server__rosidl_typesupport_introspection_cpp
[ 66%] Built target server__rosidl_typesupport_fastrtps_cpp
[ 69%] [32m[1mLinking CXX shared library libserver__rosidl_typesupport_fastrtps_c.so[0m
[ 69%] Built target server__rosidl_typesupport_fastrtps_c
[ 69%] Built target server
[ 72%] [34m[1mGenerating Python code for ROS interfaces[0m
[ 72%] Built target server__py
[ 75%] [32mBuilding C object CMakeFiles/server__rosidl_generator_py.dir/rosidl_generator_py/server/srv/_add_three_ints_s.c.o[0m
[ 78%] [32m[1mLinking C shared library rosidl_generator_py/server/libserver__rosidl_generator_py.so[0m
[ 78%] Built target server__rosidl_generator_py
[ 87%] [32mBuilding C object CMakeFiles/server__rosidl_typesupport_introspection_c__pyext.dir/rosidl_generator_py/server/_server_s.ep.rosidl_typesupport_introspection_c.c.o[0m
[ 87%] [32mBuilding C object CMakeFiles/server__rosidl_typesupport_fastrtps_c__pyext.dir/rosidl_generator_py/server/_server_s.ep.rosidl_typesupport_fastrtps_c.c.o[0m
[ 87%] [32mBuilding C object CMakeFiles/server__rosidl_typesupport_c__pyext.dir/rosidl_generator_py/server/_server_s.ep.rosidl_typesupport_c.c.o[0m
[ 90%] [32m[1mLinking C shared library rosidl_generator_py/server/server_s__rosidl_typesupport_c.cpython-310-x86_64-linux-gnu.so[0m
[ 93%] [32m[1mLinking C shared library rosidl_generator_py/server/server_s__rosidl_typesupport_introspection_c.cpython-310-x86_64-linux-gnu.so[0m
[ 96%] [32m[1mLinking C shared library rosidl_generator_py/server/server_s__rosidl_typesupport_fastrtps_c.cpython-310-x86_64-linux-gnu.so[0m
[ 96%] Built target server__rosidl_typesupport_c__pyext
[ 96%] Built target server__rosidl_typesupport_introspection_c__pyext
[ 96%] Built target server__rosidl_typesupport_fastrtps_c__pyext
