[  3%] Built target server__cpp
[ 12%] Built target server__rosidl_generator_c
[ 21%] Built target server__rosidl_typesupport_cpp
[ 33%] Built target server__rosidl_typesupport_introspection_cpp
[ 39%] Built target server__rosidl_typesupport_fastrtps_cpp
[35m[1mConsolidate compiler generated dependencies of target add_three_ints_server[0m
[ 48%] Built target server__rosidl_typesupport_c
[ 57%] Built target server__rosidl_typesupport_introspection_c
[ 66%] Built target server__rosidl_typesupport_fastrtps_c
[ 66%] Built target server
[ 69%] Built target server__py
[ 69%] Built target ament_cmake_python_copy_server
[ 75%] Built target server__rosidl_generator_py
[ 90%] Built target server__rosidl_typesupport_c__pyext
[ 90%] Built target server__rosidl_typesupport_fastrtps_c__pyext
[ 93%] Built target server__rosidl_typesupport_introspection_c__pyext
[ 96%] [32mBuilding CXX object CMakeFiles/add_three_ints_server.dir/src/add_three_ints_server.cpp.o[0m
running egg_info
writing server.egg-info/PKG-INFO
writing dependency_links to server.egg-info/dependency_links.txt
writing top-level names to server.egg-info/top_level.txt
reading manifest file 'server.egg-info/SOURCES.txt'
writing manifest file 'server.egg-info/SOURCES.txt'
[ 96%] Built target ament_cmake_python_build_server_egg
[100%] [32m[1mLinking CXX executable add_three_ints_server[0m
[100%] Built target add_three_ints_server
-- Install configuration: ""
-- Installing: /mnt/c/Users/jalen/Desktop/Projects/ros2/server/install/server/share/ament_index/resource_index/rosidl_interfaces/server
-- Installing: /mnt/c/Users/jalen/Desktop/Projects/ros2/server/install/server/include/server/server
-- Installing: /mnt/c/Users/jalen/Desktop/Projects/ros2/server/install/server/include/server/server/msg
-- Installing: /mnt/c/Users/jalen/Desktop/Projects/ros2/server/install/server/include/server/server/msg/rosidl_generator_c__visibility_control.h
-- Installing: /mnt/c/Users/jalen/Desktop/Projects/ros2/server/install/server/include/server/server/srv
-- Installing: /mnt/c/Users/jalen/Desktop/Projects/ros2/server/install/server/include/server/server/srv/add_three_ints.h
-- Installing: /mnt/c/Users/jalen/Desktop/Projects/ros2/server/install/server/include/server/server/srv/detail
-- Installing: /mnt/c/Users/jalen/Desktop/Projects/ros2/server/install/server/include/server/server/srv/detail/add_three_ints__functions.c
-- Installing: /mnt/c/Users/jalen/Desktop/Projects/ros2/server/install/server/include/server/server/srv/detail/add_three_ints__functions.h
-- Installing: /mnt/c/Users/jalen/Desktop/Projects/ros2/server/install/server/include/server/server/srv/detail/add_three_ints__struct.h
-- Installing: /mnt/c/Users/jalen/Desktop/Projects/ros2/server/install/server/include/server/server/srv/detail/add_three_ints__type_support.h
-- Installing: /mnt/c/Users/jalen/Desktop/Projects/ros2/server/install/server/share/server/environment/library_path.sh
-- Installing: /mnt/c/Users/jalen/Desktop/Projects/ros2/server/install/server/share/server/environment/library_path.dsv
-- Installing: /mnt/c/Users/jalen/Desktop/Projects/ros2/server/install/server/lib/libserver__rosidl_generator_c.so
-- Set runtime path of "/mnt/c/Users/jalen/Desktop/Projects/ros2/server/install/server/lib/libserver__rosidl_generator_c.so" to ""
-- Up-to-date: /mnt/c/Users/jalen/Desktop/Projects/ros2/server/install/server/include/server/server
-- Up-to-date: /mnt/c/Users/jalen/Desktop/Projects/ros2/server/install/server/include/server/server/msg
-- Installing: /mnt/c/Users/jalen/Desktop/Projects/ros2/server/install/server/include/server/server/msg/rosidl_typesupport_fastrtps_c__visibility_control.h
-- Up-to-date: /mnt/c/Users/jalen/Desktop/Projects/ros2/server/install/server/include/server/server/srv
-- Up-to-date: /mnt/c/Users/jalen/Desktop/Projects/ros2/server/install/server/include/server/server/srv/detail
-- Installing: /mnt/c/Users/jalen/Desktop/Projects/ros2/server/install/server/include/server/server/srv/detail/add_three_ints__rosidl_typesupport_fastrtps_c.h
-- Installing: /mnt/c/Users/jalen/Desktop/Projects/ros2/server/install/server/lib/libserver__rosidl_typesupport_fastrtps_c.so
-- Set runtime path of "/mnt/c/Users/jalen/Desktop/Projects/ros2/server/install/server/lib/libserver__rosidl_typesupport_fastrtps_c.so" to ""
-- Up-to-date: /mnt/c/Users/jalen/Desktop/Projects/ros2/server/install/server/include/server/server
-- Up-to-date: /mnt/c/Users/jalen/Desktop/Projects/ros2/server/install/server/include/server/server/msg
-- Installing: /mnt/c/Users/jalen/Desktop/Projects/ros2/server/install/server/include/server/server/msg/rosidl_typesupport_introspection_c__visibility_control.h
-- Up-to-date: /mnt/c/Users/jalen/Desktop/Projects/ros2/server/install/server/include/server/server/srv
-- Up-to-date: /mnt/c/Users/jalen/Desktop/Projects/ros2/server/install/server/include/server/server/srv/detail
-- Installing: /mnt/c/Users/jalen/Desktop/Projects/ros2/server/install/server/include/server/server/srv/detail/add_three_ints__rosidl_typesupport_introspection_c.h
-- Installing: /mnt/c/Users/jalen/Desktop/Projects/ros2/server/install/server/include/server/server/srv/detail/add_three_ints__type_support.c
-- Installing: /mnt/c/Users/jalen/Desktop/Projects/ros2/server/install/server/lib/libserver__rosidl_typesupport_introspection_c.so
-- Set runtime path of "/mnt/c/Users/jalen/Desktop/Projects/ros2/server/install/server/lib/libserver__rosidl_typesupport_introspection_c.so" to ""
-- Installing: /mnt/c/Users/jalen/Desktop/Projects/ros2/server/install/server/lib/libserver__rosidl_typesupport_c.so
-- Set runtime path of "/mnt/c/Users/jalen/Desktop/Projects/ros2/server/install/server/lib/libserver__rosidl_typesupport_c.so" to ""
-- Up-to-date: /mnt/c/Users/jalen/Desktop/Projects/ros2/server/install/server/include/server/server
-- Up-to-date: /mnt/c/Users/jalen/Desktop/Projects/ros2/server/install/server/include/server/server/msg
-- Installing: /mnt/c/Users/jalen/Desktop/Projects/ros2/server/install/server/include/server/server/msg/rosidl_generator_cpp__visibility_control.hpp
-- Up-to-date: /mnt/c/Users/jalen/Desktop/Projects/ros2/server/install/server/include/server/server/srv
-- Installing: /mnt/c/Users/jalen/Desktop/Projects/ros2/server/install/server/include/server/server/srv/add_three_ints.hpp
-- Up-to-date: /mnt/c/Users/jalen/Desktop/Projects/ros2/server/install/server/include/server/server/srv/detail
-- Installing: /mnt/c/Users/jalen/Desktop/Projects/ros2/server/install/server/include/server/server/srv/detail/add_three_ints__builder.hpp
-- Installing: /mnt/c/Users/jalen/Desktop/Projects/ros2/server/install/server/include/server/server/srv/detail/add_three_ints__struct.hpp
-- Installing: /mnt/c/Users/jalen/Desktop/Projects/ros2/server/install/server/include/server/server/srv/detail/add_three_ints__traits.hpp
-- Installing: /mnt/c/Users/jalen/Desktop/Projects/ros2/server/install/server/include/server/server/srv/detail/add_three_ints__type_support.hpp
-- Up-to-date: /mnt/c/Users/jalen/Desktop/Projects/ros2/server/install/server/include/server/server
-- Up-to-date: /mnt/c/Users/jalen/Desktop/Projects/ros2/server/install/server/include/server/server/msg
-- Installing: /mnt/c/Users/jalen/Desktop/Projects/ros2/server/install/server/include/server/server/msg/rosidl_typesupport_fastrtps_cpp__visibility_control.h
-- Up-to-date: /mnt/c/Users/jalen/Desktop/Projects/ros2/server/install/server/include/server/server/srv
-- Up-to-date: /mnt/c/Users/jalen/Desktop/Projects/ros2/server/install/server/include/server/server/srv/detail
-- Installing: /mnt/c/Users/jalen/Desktop/Projects/ros2/server/install/server/include/server/server/srv/detail/add_three_ints__rosidl_typesupport_fastrtps_cpp.hpp
-- Installing: /mnt/c/Users/jalen/Desktop/Projects/ros2/server/install/server/include/server/server/srv/detail/dds_fastrtps
-- Installing: /mnt/c/Users/jalen/Desktop/Projects/ros2/server/install/server/lib/libserver__rosidl_typesupport_fastrtps_cpp.so
-- Set runtime path of "/mnt/c/Users/jalen/Desktop/Projects/ros2/server/install/server/lib/libserver__rosidl_typesupport_fastrtps_cpp.so" to ""
-- Up-to-date: /mnt/c/Users/jalen/Desktop/Projects/ros2/server/install/server/include/server/server
-- Up-to-date: /mnt/c/Users/jalen/Desktop/Projects/ros2/server/install/server/include/server/server/srv
-- Up-to-date: /mnt/c/Users/jalen/Desktop/Projects/ros2/server/install/server/include/server/server/srv/detail
-- Installing: /mnt/c/Users/jalen/Desktop/Projects/ros2/server/install/server/include/server/server/srv/detail/add_three_ints__rosidl_typesupport_introspection_cpp.hpp
-- Installing: /mnt/c/Users/jalen/Desktop/Projects/ros2/server/install/server/include/server/server/srv/detail/add_three_ints__type_support.cpp
-- Installing: /mnt/c/Users/jalen/Desktop/Projects/ros2/server/install/server/lib/libserver__rosidl_typesupport_introspection_cpp.so
-- Set runtime path of "/mnt/c/Users/jalen/Desktop/Projects/ros2/server/install/server/lib/libserver__rosidl_typesupport_introspection_cpp.so" to ""
-- Installing: /mnt/c/Users/jalen/Desktop/Projects/ros2/server/install/server/lib/libserver__rosidl_typesupport_cpp.so
-- Set runtime path of "/mnt/c/Users/jalen/Desktop/Projects/ros2/server/install/server/lib/libserver__rosidl_typesupport_cpp.so" to ""
-- Installing: /mnt/c/Users/jalen/Desktop/Projects/ros2/server/install/server/share/server/environment/pythonpath.sh
-- Installing: /mnt/c/Users/jalen/Desktop/Projects/ros2/server/install/server/share/server/environment/pythonpath.dsv
-- Installing: /mnt/c/Users/jalen/Desktop/Projects/ros2/server/install/server/local/lib/python3.10/dist-packages/server-0.0.0-py3.10.egg-info
-- Installing: /mnt/c/Users/jalen/Desktop/Projects/ros2/server/install/server/local/lib/python3.10/dist-packages/server-0.0.0-py3.10.egg-info/dependency_links.txt
-- Installing: /mnt/c/Users/jalen/Desktop/Projects/ros2/server/install/server/local/lib/python3.10/dist-packages/server-0.0.0-py3.10.egg-info/PKG-INFO
-- Installing: /mnt/c/Users/jalen/Desktop/Projects/ros2/server/install/server/local/lib/python3.10/dist-packages/server-0.0.0-py3.10.egg-info/SOURCES.txt
-- Installing: /mnt/c/Users/jalen/Desktop/Projects/ros2/server/install/server/local/lib/python3.10/dist-packages/server-0.0.0-py3.10.egg-info/top_level.txt
-- Installing: /mnt/c/Users/jalen/Desktop/Projects/ros2/server/install/server/local/lib/python3.10/dist-packages/server
-- Installing: /mnt/c/Users/jalen/Desktop/Projects/ros2/server/install/server/local/lib/python3.10/dist-packages/server/libserver__rosidl_generator_py.so
-- Installing: /mnt/c/Users/jalen/Desktop/Projects/ros2/server/install/server/local/lib/python3.10/dist-packages/server/server_s__rosidl_typesupport_c.cpython-310-x86_64-linux-gnu.so
-- Installing: /mnt/c/Users/jalen/Desktop/Projects/ros2/server/install/server/local/lib/python3.10/dist-packages/server/server_s__rosidl_typesupport_fastrtps_c.cpython-310-x86_64-linux-gnu.so
-- Installing: /mnt/c/Users/jalen/Desktop/Projects/ros2/server/install/server/local/lib/python3.10/dist-packages/server/server_s__rosidl_typesupport_introspection_c.cpython-310-x86_64-linux-gnu.so
-- Installing: /mnt/c/Users/jalen/Desktop/Projects/ros2/server/install/server/local/lib/python3.10/dist-packages/server/srv
-- Installing: /mnt/c/Users/jalen/Desktop/Projects/ros2/server/install/server/local/lib/python3.10/dist-packages/server/srv/_add_three_ints.py
-- Installing: /mnt/c/Users/jalen/Desktop/Projects/ros2/server/install/server/local/lib/python3.10/dist-packages/server/srv/_add_three_ints_s.c
-- Installing: /mnt/c/Users/jalen/Desktop/Projects/ros2/server/install/server/local/lib/python3.10/dist-packages/server/srv/__init__.py
-- Installing: /mnt/c/Users/jalen/Desktop/Projects/ros2/server/install/server/local/lib/python3.10/dist-packages/server/_server_s.ep.rosidl_typesupport_c.c
-- Installing: /mnt/c/Users/jalen/Desktop/Projects/ros2/server/install/server/local/lib/python3.10/dist-packages/server/_server_s.ep.rosidl_typesupport_fastrtps_c.c
-- Installing: /mnt/c/Users/jalen/Desktop/Projects/ros2/server/install/server/local/lib/python3.10/dist-packages/server/_server_s.ep.rosidl_typesupport_introspection_c.c
-- Installing: /mnt/c/Users/jalen/Desktop/Projects/ros2/server/install/server/local/lib/python3.10/dist-packages/server/__init__.py
Listing '/mnt/c/Users/jalen/Desktop/Projects/ros2/server/install/server/local/lib/python3.10/dist-packages/server'...
Compiling '/mnt/c/Users/jalen/Desktop/Projects/ros2/server/install/server/local/lib/python3.10/dist-packages/server/__init__.py'...
Listing '/mnt/c/Users/jalen/Desktop/Projects/ros2/server/install/server/local/lib/python3.10/dist-packages/server/srv'...
Compiling '/mnt/c/Users/jalen/Desktop/Projects/ros2/server/install/server/local/lib/python3.10/dist-packages/server/srv/__init__.py'...
Compiling '/mnt/c/Users/jalen/Desktop/Projects/ros2/server/install/server/local/lib/python3.10/dist-packages/server/srv/_add_three_ints.py'...
-- Installing: /mnt/c/Users/jalen/Desktop/Projects/ros2/server/install/server/local/lib/python3.10/dist-packages/server/server_s__rosidl_typesupport_fastrtps_c.cpython-310-x86_64-linux-gnu.so
-- Set runtime path of "/mnt/c/Users/jalen/Desktop/Projects/ros2/server/install/server/local/lib/python3.10/dist-packages/server/server_s__rosidl_typesupport_fastrtps_c.cpython-310-x86_64-linux-gnu.so" to ""
-- Installing: /mnt/c/Users/jalen/Desktop/Projects/ros2/server/install/server/local/lib/python3.10/dist-packages/server/server_s__rosidl_typesupport_introspection_c.cpython-310-x86_64-linux-gnu.so
-- Set runtime path of "/mnt/c/Users/jalen/Desktop/Projects/ros2/server/install/server/local/lib/python3.10/dist-packages/server/server_s__rosidl_typesupport_introspection_c.cpython-310-x86_64-linux-gnu.so" to ""
-- Installing: /mnt/c/Users/jalen/Desktop/Projects/ros2/server/install/server/local/lib/python3.10/dist-packages/server/server_s__rosidl_typesupport_c.cpython-310-x86_64-linux-gnu.so
-- Set runtime path of "/mnt/c/Users/jalen/Desktop/Projects/ros2/server/install/server/local/lib/python3.10/dist-packages/server/server_s__rosidl_typesupport_c.cpython-310-x86_64-linux-gnu.so" to ""
-- Installing: /mnt/c/Users/jalen/Desktop/Projects/ros2/server/install/server/lib/libserver__rosidl_generator_py.so
-- Set runtime path of "/mnt/c/Users/jalen/Desktop/Projects/ros2/server/install/server/lib/libserver__rosidl_generator_py.so" to ""
-- Installing: /mnt/c/Users/jalen/Desktop/Projects/ros2/server/install/server/share/server/srv/AddThreeInts.idl
-- Installing: /mnt/c/Users/jalen/Desktop/Projects/ros2/server/install/server/share/server/srv/AddThreeInts.srv
-- Installing: /mnt/c/Users/jalen/Desktop/Projects/ros2/server/install/server/share/server/srv/AddThreeInts_Request.msg
-- Installing: /mnt/c/Users/jalen/Desktop/Projects/ros2/server/install/server/share/server/srv/AddThreeInts_Response.msg
-- Installing: /mnt/c/Users/jalen/Desktop/Projects/ros2/server/install/server/lib/server/add_three_ints_server
-- Set runtime path of "/mnt/c/Users/jalen/Desktop/Projects/ros2/server/install/server/lib/server/add_three_ints_server" to ""
-- Installing: /mnt/c/Users/jalen/Desktop/Projects/ros2/server/install/server/share/ament_index/resource_index/package_run_dependencies/server
-- Installing: /mnt/c/Users/jalen/Desktop/Projects/ros2/server/install/server/share/ament_index/resource_index/parent_prefix_path/server
-- Installing: /mnt/c/Users/jalen/Desktop/Projects/ros2/server/install/server/share/server/environment/ament_prefix_path.sh
-- Installing: /mnt/c/Users/jalen/Desktop/Projects/ros2/server/install/server/share/server/environment/ament_prefix_path.dsv
-- Installing: /mnt/c/Users/jalen/Desktop/Projects/ros2/server/install/server/share/server/environment/path.sh
-- Installing: /mnt/c/Users/jalen/Desktop/Projects/ros2/server/install/server/share/server/environment/path.dsv
-- Installing: /mnt/c/Users/jalen/Desktop/Projects/ros2/server/install/server/share/server/local_setup.bash
-- Installing: /mnt/c/Users/jalen/Desktop/Projects/ros2/server/install/server/share/server/local_setup.sh
-- Installing: /mnt/c/Users/jalen/Desktop/Projects/ros2/server/install/server/share/server/local_setup.zsh
-- Installing: /mnt/c/Users/jalen/Desktop/Projects/ros2/server/install/server/share/server/local_setup.dsv
-- Installing: /mnt/c/Users/jalen/Desktop/Projects/ros2/server/install/server/share/server/package.dsv
-- Installing: /mnt/c/Users/jalen/Desktop/Projects/ros2/server/install/server/share/ament_index/resource_index/packages/server
-- Installing: /mnt/c/Users/jalen/Desktop/Projects/ros2/server/install/server/share/server/cmake/export_server__rosidl_generator_cExport.cmake
-- Installing: /mnt/c/Users/jalen/Desktop/Projects/ros2/server/install/server/share/server/cmake/export_server__rosidl_generator_cExport-noconfig.cmake
-- Installing: /mnt/c/Users/jalen/Desktop/Projects/ros2/server/install/server/share/server/cmake/export_server__rosidl_typesupport_fastrtps_cExport.cmake
-- Installing: /mnt/c/Users/jalen/Desktop/Projects/ros2/server/install/server/share/server/cmake/export_server__rosidl_typesupport_fastrtps_cExport-noconfig.cmake
-- Installing: /mnt/c/Users/jalen/Desktop/Projects/ros2/server/install/server/share/server/cmake/server__rosidl_typesupport_introspection_cExport.cmake
-- Installing: /mnt/c/Users/jalen/Desktop/Projects/ros2/server/install/server/share/server/cmake/server__rosidl_typesupport_introspection_cExport-noconfig.cmake
-- Installing: /mnt/c/Users/jalen/Desktop/Projects/ros2/server/install/server/share/server/cmake/server__rosidl_typesupport_cExport.cmake
-- Installing: /mnt/c/Users/jalen/Desktop/Projects/ros2/server/install/server/share/server/cmake/server__rosidl_typesupport_cExport-noconfig.cmake
-- Installing: /mnt/c/Users/jalen/Desktop/Projects/ros2/server/install/server/share/server/cmake/export_server__rosidl_generator_cppExport.cmake
-- Installing: /mnt/c/Users/jalen/Desktop/Projects/ros2/server/install/server/share/server/cmake/export_server__rosidl_typesupport_fastrtps_cppExport.cmake
-- Installing: /mnt/c/Users/jalen/Desktop/Projects/ros2/server/install/server/share/server/cmake/export_server__rosidl_typesupport_fastrtps_cppExport-noconfig.cmake
-- Installing: /mnt/c/Users/jalen/Desktop/Projects/ros2/server/install/server/share/server/cmake/server__rosidl_typesupport_introspection_cppExport.cmake
-- Installing: /mnt/c/Users/jalen/Desktop/Projects/ros2/server/install/server/share/server/cmake/server__rosidl_typesupport_introspection_cppExport-noconfig.cmake
-- Installing: /mnt/c/Users/jalen/Desktop/Projects/ros2/server/install/server/share/server/cmake/server__rosidl_typesupport_cppExport.cmake
-- Installing: /mnt/c/Users/jalen/Desktop/Projects/ros2/server/install/server/share/server/cmake/server__rosidl_typesupport_cppExport-noconfig.cmake
-- Installing: /mnt/c/Users/jalen/Desktop/Projects/ros2/server/install/server/share/server/cmake/export_server__rosidl_generator_pyExport.cmake
-- Installing: /mnt/c/Users/jalen/Desktop/Projects/ros2/server/install/server/share/server/cmake/export_server__rosidl_generator_pyExport-noconfig.cmake
-- Installing: /mnt/c/Users/jalen/Desktop/Projects/ros2/server/install/server/share/server/cmake/rosidl_cmake-extras.cmake
-- Installing: /mnt/c/Users/jalen/Desktop/Projects/ros2/server/install/server/share/server/cmake/ament_cmake_export_include_directories-extras.cmake
-- Installing: /mnt/c/Users/jalen/Desktop/Projects/ros2/server/install/server/share/server/cmake/ament_cmake_export_libraries-extras.cmake
-- Installing: /mnt/c/Users/jalen/Desktop/Projects/ros2/server/install/server/share/server/cmake/ament_cmake_export_targets-extras.cmake
-- Installing: /mnt/c/Users/jalen/Desktop/Projects/ros2/server/install/server/share/server/cmake/rosidl_cmake_export_typesupport_targets-extras.cmake
-- Installing: /mnt/c/Users/jalen/Desktop/Projects/ros2/server/install/server/share/server/cmake/ament_cmake_export_dependencies-extras.cmake
-- Installing: /mnt/c/Users/jalen/Desktop/Projects/ros2/server/install/server/share/server/cmake/rosidl_cmake_export_typesupport_libraries-extras.cmake
-- Installing: /mnt/c/Users/jalen/Desktop/Projects/ros2/server/install/server/share/server/cmake/serverConfig.cmake
-- Installing: /mnt/c/Users/jalen/Desktop/Projects/ros2/server/install/server/share/server/cmake/serverConfig-version.cmake
-- Installing: /mnt/c/Users/jalen/Desktop/Projects/ros2/server/install/server/share/server/package.xml
